{"/home/travis/build/npmtest/node-npmtest-barbeque/test.js":{"path":"/home/travis/build/npmtest/node-npmtest-barbeque/test.js","s":{"1":2,"2":2,"3":2,"4":2,"5":2,"6":2,"7":2,"8":1,"9":2,"10":2,"11":1,"12":1,"13":1,"14":1,"15":2,"16":2,"17":2,"18":2,"19":1,"20":1,"21":2,"22":2,"23":2,"24":1,"25":1,"26":1,"27":1,"28":1,"29":1,"30":1,"31":1,"32":1,"33":1,"34":1,"35":1,"36":1,"37":1,"38":1,"39":2,"40":2,"41":1,"42":2,"43":2,"44":1,"45":2,"46":2,"47":1,"48":2,"49":2,"50":1,"51":1,"52":1,"53":1,"54":1},"b":{"1":[2,1,1,1],"2":[1,1,1,1],"3":[1,1],"4":[1,1],"5":[1,1],"6":[1,1],"7":[1,1],"8":[1,1],"9":[1,1],"10":[1,1,1],"11":[1,1],"12":[1,1],"13":[1,1],"14":[1,1],"15":[1,1],"16":[1,1],"17":[1,1]},"f":{"1":2,"2":2,"3":2,"4":2,"5":2,"6":1,"7":1,"8":1,"9":2,"10":2,"11":2,"12":2,"13":1},"fnMap":{"1":{"name":"(anonymous_1)","line":12,"loc":{"start":{"line":12,"column":1},"end":{"line":12,"column":13}}},"2":{"name":"(anonymous_2)","line":19,"loc":{"start":{"line":19,"column":5},"end":{"line":19,"column":17}}},"3":{"name":"(anonymous_3)","line":23,"loc":{"start":{"line":23,"column":24},"end":{"line":23,"column":36}}},"4":{"name":"(anonymous_4)","line":61,"loc":{"start":{"line":61,"column":5},"end":{"line":61,"column":17}}},"5":{"name":"(anonymous_5)","line":82,"loc":{"start":{"line":82,"column":5},"end":{"line":82,"column":17}}},"6":{"name":"(anonymous_6)","line":91,"loc":{"start":{"line":91,"column":77},"end":{"line":94,"column":10}}},"7":{"name":"(anonymous_7)","line":112,"loc":{"start":{"line":112,"column":83},"end":{"line":115,"column":10}},"skip":true},"8":{"name":"(anonymous_8)","line":123,"loc":{"start":{"line":123,"column":77},"end":{"line":126,"column":10}},"skip":true},"9":{"name":"(anonymous_9)","line":139,"loc":{"start":{"line":139,"column":12},"end":{"line":139,"column":40}},"skip":true},"10":{"name":"(anonymous_10)","line":147,"loc":{"start":{"line":147,"column":77},"end":{"line":150,"column":10}},"skip":true},"11":{"name":"(anonymous_11)","line":158,"loc":{"start":{"line":158,"column":83},"end":{"line":161,"column":10}},"skip":true},"12":{"name":"(anonymous_12)","line":169,"loc":{"start":{"line":169,"column":79},"end":{"line":172,"column":10}},"skip":true},"13":{"name":"(anonymous_13)","line":180,"loc":{"start":{"line":180,"column":75},"end":{"line":183,"column":10}},"skip":true}},"statementMap":{"1":{"start":{"line":12,"column":0},"end":{"line":195,"column":5}},"2":{"start":{"line":14,"column":4},"end":{"line":14,"column":14}},"3":{"start":{"line":19,"column":4},"end":{"line":56,"column":9}},"4":{"start":{"line":21,"column":8},"end":{"line":21,"column":19}},"5":{"start":{"line":23,"column":8},"end":{"line":35,"column":13}},"6":{"start":{"line":24,"column":12},"end":{"line":34,"column":13}},"7":{"start":{"line":25,"column":16},"end":{"line":28,"column":30}},"8":{"start":{"line":30,"column":16},"end":{"line":33,"column":27}},"9":{"start":{"line":37,"column":8},"end":{"line":39,"column":21}},"10":{"start":{"line":40,"column":8},"end":{"line":53,"column":9}},"11":{"start":{"line":43,"column":12},"end":{"line":46,"column":14}},"12":{"start":{"line":47,"column":12},"end":{"line":47,"column":18}},"13":{"start":{"line":50,"column":12},"end":{"line":51,"column":33}},"14":{"start":{"line":52,"column":12},"end":{"line":52,"column":18}},"15":{"start":{"line":55,"column":8},"end":{"line":55,"column":35}},"16":{"start":{"line":61,"column":4},"end":{"line":63,"column":9}},"17":{"start":{"line":62,"column":8},"end":{"line":62,"column":15}},"18":{"start":{"line":64,"column":4},"end":{"line":77,"column":5}},"19":{"start":{"line":70,"column":8},"end":{"line":70,"column":14}},"20":{"start":{"line":76,"column":8},"end":{"line":76,"column":14}},"21":{"start":{"line":82,"column":4},"end":{"line":84,"column":9}},"22":{"start":{"line":83,"column":8},"end":{"line":83,"column":15}},"23":{"start":{"line":85,"column":4},"end":{"line":194,"column":5}},"24":{"start":{"line":91,"column":8},"end":{"line":99,"column":10}},"25":{"start":{"line":98,"column":12},"end":{"line":98,"column":35}},"26":{"start":{"line":102,"column":8},"end":{"line":104,"column":63}},"27":{"start":{"line":105,"column":8},"end":{"line":105,"column":14}},"28":{"start":{"line":112,"column":8},"end":{"line":121,"column":10},"skip":true},"29":{"start":{"line":119,"column":12},"end":{"line":119,"column":55},"skip":true},"30":{"start":{"line":120,"column":12},"end":{"line":120,"column":48},"skip":true},"31":{"start":{"line":123,"column":8},"end":{"line":136,"column":10},"skip":true},"32":{"start":{"line":130,"column":12},"end":{"line":130,"column":76},"skip":true},"33":{"start":{"line":131,"column":12},"end":{"line":131,"column":73},"skip":true},"34":{"start":{"line":132,"column":12},"end":{"line":132,"column":74},"skip":true},"35":{"start":{"line":133,"column":12},"end":{"line":133,"column":79},"skip":true},"36":{"start":{"line":134,"column":12},"end":{"line":134,"column":25},"skip":true},"37":{"start":{"line":135,"column":12},"end":{"line":135,"column":45},"skip":true},"38":{"start":{"line":138,"column":8},"end":{"line":145,"column":14},"skip":true},"39":{"start":{"line":143,"column":16},"end":{"line":143,"column":29},"skip":true},"40":{"start":{"line":144,"column":16},"end":{"line":144,"column":55},"skip":true},"41":{"start":{"line":147,"column":8},"end":{"line":156,"column":10},"skip":true},"42":{"start":{"line":154,"column":12},"end":{"line":154,"column":25},"skip":true},"43":{"start":{"line":155,"column":12},"end":{"line":155,"column":45},"skip":true},"44":{"start":{"line":158,"column":8},"end":{"line":167,"column":10},"skip":true},"45":{"start":{"line":165,"column":12},"end":{"line":165,"column":25},"skip":true},"46":{"start":{"line":166,"column":12},"end":{"line":166,"column":48},"skip":true},"47":{"start":{"line":169,"column":8},"end":{"line":178,"column":10},"skip":true},"48":{"start":{"line":176,"column":12},"end":{"line":176,"column":25},"skip":true},"49":{"start":{"line":177,"column":12},"end":{"line":177,"column":46},"skip":true},"50":{"start":{"line":180,"column":8},"end":{"line":189,"column":10},"skip":true},"51":{"start":{"line":187,"column":12},"end":{"line":187,"column":94},"skip":true},"52":{"start":{"line":188,"column":12},"end":{"line":188,"column":48},"skip":true},"53":{"start":{"line":192,"column":8},"end":{"line":192,"column":35},"skip":true},"54":{"start":{"line":193,"column":8},"end":{"line":193,"column":14},"skip":true}},"branchMap":{"1":{"line":25,"type":"binary-expr","locations":[{"start":{"line":25,"column":23},"end":{"line":25,"column":62}},{"start":{"line":26,"column":20},"end":{"line":26,"column":70}},{"start":{"line":27,"column":20},"end":{"line":27,"column":71}},{"start":{"line":28,"column":20},"end":{"line":28,"column":29}}]},"2":{"line":30,"type":"binary-expr","locations":[{"start":{"line":30,"column":23},"end":{"line":30,"column":37}},{"start":{"line":31,"column":20},"end":{"line":31,"column":61}},{"start":{"line":32,"column":20},"end":{"line":32,"column":70}},{"start":{"line":33,"column":20},"end":{"line":33,"column":26}}]},"3":{"line":37,"type":"cond-expr","locations":[{"start":{"line":38,"column":14},"end":{"line":38,"column":20}},{"start":{"line":39,"column":14},"end":{"line":39,"column":20}}]},"4":{"line":40,"type":"switch","locations":[{"start":{"line":42,"column":8},"end":{"line":47,"column":18}},{"start":{"line":49,"column":8},"end":{"line":52,"column":18}}]},"5":{"line":44,"type":"binary-expr","locations":[{"start":{"line":44,"column":16},"end":{"line":44,"column":44}},{"start":{"line":44,"column":48},"end":{"line":44,"column":66}}]},"6":{"line":50,"type":"binary-expr","locations":[{"start":{"line":50,"column":21},"end":{"line":50,"column":49}},{"start":{"line":50,"column":53},"end":{"line":50,"column":72}}]},"7":{"line":64,"type":"switch","locations":[{"start":{"line":69,"column":4},"end":{"line":70,"column":14}},{"start":{"line":75,"column":4},"end":{"line":76,"column":14}}]},"8":{"line":85,"type":"switch","locations":[{"start":{"line":90,"column":4},"end":{"line":105,"column":14}},{"start":{"line":111,"column":4},"end":{"line":193,"column":14},"skip":true}]},"9":{"line":91,"type":"binary-expr","locations":[{"start":{"line":91,"column":42},"end":{"line":91,"column":73}},{"start":{"line":91,"column":77},"end":{"line":99,"column":9}}]},"10":{"line":102,"type":"binary-expr","locations":[{"start":{"line":102,"column":18},"end":{"line":102,"column":32}},{"start":{"line":103,"column":12},"end":{"line":103,"column":53}},{"start":{"line":104,"column":12},"end":{"line":104,"column":61}}]},"11":{"line":112,"type":"binary-expr","locations":[{"start":{"line":112,"column":45},"end":{"line":112,"column":79},"skip":true},{"start":{"line":112,"column":83},"end":{"line":121,"column":9},"skip":true}]},"12":{"line":123,"type":"binary-expr","locations":[{"start":{"line":123,"column":42},"end":{"line":123,"column":73},"skip":true},{"start":{"line":123,"column":77},"end":{"line":136,"column":9},"skip":true}]},"13":{"line":138,"type":"binary-expr","locations":[{"start":{"line":138,"column":48},"end":{"line":138,"column":85},"skip":true},{"start":{"line":139,"column":12},"end":{"line":145,"column":13},"skip":true}]},"14":{"line":147,"type":"binary-expr","locations":[{"start":{"line":147,"column":42},"end":{"line":147,"column":73},"skip":true},{"start":{"line":147,"column":77},"end":{"line":156,"column":9},"skip":true}]},"15":{"line":158,"type":"binary-expr","locations":[{"start":{"line":158,"column":45},"end":{"line":158,"column":79},"skip":true},{"start":{"line":158,"column":83},"end":{"line":167,"column":9},"skip":true}]},"16":{"line":169,"type":"binary-expr","locations":[{"start":{"line":169,"column":43},"end":{"line":169,"column":75},"skip":true},{"start":{"line":169,"column":79},"end":{"line":178,"column":9},"skip":true}]},"17":{"line":180,"type":"binary-expr","locations":[{"start":{"line":180,"column":41},"end":{"line":180,"column":71},"skip":true},{"start":{"line":180,"column":75},"end":{"line":189,"column":9},"skip":true}]}},"code":["/* istanbul instrument in package npmtest_barbeque */","/*jslint","    bitwise: true,","    browser: true,","    maxerr: 8,","    maxlen: 96,","    node: true,","    nomen: true,","    regexp: true,","    stupid: true","*/","(function () {","    'use strict';","    var local;","","","","    // run shared js-env code - init-before","    (function () {","        // init local","        local = {};","        // init modeJs","        local.modeJs = (function () {","            try {","                return typeof navigator.userAgent === 'string' &&","                    typeof document.querySelector('body') === 'object' &&","                    typeof XMLHttpRequest.prototype.open === 'function' &&","                    'browser';","            } catch (errorCaughtBrowser) {","                return module.exports &&","                    typeof process.versions.node === 'string' &&","                    typeof require('http').createServer === 'function' &&","                    'node';","            }","        }());","        // init global","        local.global = local.modeJs === 'browser'","            ? window","            : global;","        switch (local.modeJs) {","        // re-init local from window.local","        case 'browser':","            local = local.global.utility2.objectSetDefault(","                local.global.utility2_rollup || local.global.local,","                local.global.utility2","            );","            break;","        // re-init local from example.js","        case 'node':","            local = (local.global.utility2_rollup || require('utility2'))","                .requireReadme();","            break;","        }","        // export local","        local.global.local = local;","    }());","","","","    // run shared js-env code - function","    (function () {","        return;","    }());","    switch (local.modeJs) {","","","","    // run browser js-env code - function","    case 'browser':","        break;","","","","    // run node js-env code - function","    case 'node':","        break;","    }","","","","    // run shared js-env code - init-after","    (function () {","        return;","    }());","    switch (local.modeJs) {","","","","    // run browser js-env code - init-after","    case 'browser':","        local.testCase_browser_nullCase = local.testCase_browser_nullCase || function (","            options,","            onError","        ) {","        /*","         * this function will test browsers's null-case handling-behavior-behavior","         */","            onError(null, options);","        };","","        // run tests","        local.nop(local.modeTest &&","            document.querySelector('#testRunButton1') &&","            document.querySelector('#testRunButton1').click());","        break;","","","","    // run node js-env code - init-after","    /* istanbul ignore next */","    case 'node':","        local.testCase_buildApidoc_default = local.testCase_buildApidoc_default || function (","            options,","            onError","        ) {","        /*","         * this function will test buildApidoc's default handling-behavior-behavior","         */","            options = { modulePathList: module.paths };","            local.buildApidoc(options, onError);","        };","","        local.testCase_buildApp_default = local.testCase_buildApp_default || function (","            options,","            onError","        ) {","        /*","         * this function will test buildApp's default handling-behavior-behavior","         */","            local.testCase_buildReadme_default(options, local.onErrorThrow);","            local.testCase_buildLib_default(options, local.onErrorThrow);","            local.testCase_buildTest_default(options, local.onErrorThrow);","            local.testCase_buildCustomOrg_default(options, local.onErrorThrow);","            options = [];","            local.buildApp(options, onError);","        };","","        local.testCase_buildCustomOrg_default = local.testCase_buildCustomOrg_default ||","            function (options, onError) {","            /*","             * this function will test buildCustomOrg's default handling-behavior","             */","                options = {};","                local.buildCustomOrg(options, onError);","            };","","        local.testCase_buildLib_default = local.testCase_buildLib_default || function (","            options,","            onError","        ) {","        /*","         * this function will test buildLib's default handling-behavior","         */","            options = {};","            local.buildLib(options, onError);","        };","","        local.testCase_buildReadme_default = local.testCase_buildReadme_default || function (","            options,","            onError","        ) {","        /*","         * this function will test buildReadme's default handling-behavior-behavior","         */","            options = {};","            local.buildReadme(options, onError);","        };","","        local.testCase_buildTest_default = local.testCase_buildTest_default || function (","            options,","            onError","        ) {","        /*","         * this function will test buildTest's default handling-behavior","         */","            options = {};","            local.buildTest(options, onError);","        };","","        local.testCase_webpage_default = local.testCase_webpage_default || function (","            options,","            onError","        ) {","        /*","         * this function will test webpage's default handling-behavior","         */","            options = { modeCoverageMerge: true, url: local.serverLocalHost + '?modeTest=1' };","            local.browserTest(options, onError);","        };","","        // run test-server","        local.testRunServer(local);","        break;","    }","}());",""],"l":{"12":2,"14":2,"19":2,"21":2,"23":2,"24":2,"25":2,"30":1,"37":2,"40":2,"43":1,"47":1,"50":1,"52":1,"55":2,"61":2,"62":2,"64":2,"70":1,"76":1,"82":2,"83":2,"85":2,"91":1,"98":1,"102":1,"105":1,"112":1,"119":1,"120":1,"123":1,"130":1,"131":1,"132":1,"133":1,"134":1,"135":1,"138":1,"143":2,"144":2,"147":1,"154":2,"155":2,"158":1,"165":2,"166":2,"169":1,"176":2,"177":2,"180":1,"187":1,"188":1,"192":1,"193":1}},"/home/travis/build/npmtest/node-npmtest-barbeque/lib.npmtest_barbeque.js":{"path":"/home/travis/build/npmtest/node-npmtest-barbeque/lib.npmtest_barbeque.js","s":{"1":2,"2":2,"3":2,"4":2,"5":2,"6":2,"7":2,"8":1,"9":2,"10":2,"11":2,"12":2,"13":1,"14":1,"15":1,"16":1},"b":{"1":[2,1,1,1],"2":[1,1,1,1],"3":[1,1],"4":[2,2],"5":[1,1]},"f":{"1":2,"2":2,"3":2},"fnMap":{"1":{"name":"(anonymous_1)","line":12,"loc":{"start":{"line":12,"column":1},"end":{"line":12,"column":13}}},"2":{"name":"(anonymous_2)","line":19,"loc":{"start":{"line":19,"column":5},"end":{"line":19,"column":17}}},"3":{"name":"(anonymous_3)","line":23,"loc":{"start":{"line":23,"column":24},"end":{"line":23,"column":36}}}},"statementMap":{"1":{"start":{"line":12,"column":0},"end":{"line":53,"column":5}},"2":{"start":{"line":14,"column":4},"end":{"line":14,"column":14}},"3":{"start":{"line":19,"column":4},"end":{"line":52,"column":9}},"4":{"start":{"line":21,"column":8},"end":{"line":21,"column":19}},"5":{"start":{"line":23,"column":8},"end":{"line":35,"column":13}},"6":{"start":{"line":24,"column":12},"end":{"line":34,"column":13}},"7":{"start":{"line":25,"column":16},"end":{"line":28,"column":30}},"8":{"start":{"line":30,"column":16},"end":{"line":33,"column":27}},"9":{"start":{"line":37,"column":8},"end":{"line":39,"column":21}},"10":{"start":{"line":41,"column":8},"end":{"line":41,"column":54}},"11":{"start":{"line":43,"column":8},"end":{"line":43,"column":53}},"12":{"start":{"line":45,"column":8},"end":{"line":51,"column":9}},"13":{"start":{"line":46,"column":12},"end":{"line":46,"column":59}},"14":{"start":{"line":48,"column":12},"end":{"line":48,"column":35}},"15":{"start":{"line":49,"column":12},"end":{"line":49,"column":49}},"16":{"start":{"line":50,"column":12},"end":{"line":50,"column":43}}},"branchMap":{"1":{"line":25,"type":"binary-expr","locations":[{"start":{"line":25,"column":23},"end":{"line":25,"column":62}},{"start":{"line":26,"column":20},"end":{"line":26,"column":70}},{"start":{"line":27,"column":20},"end":{"line":27,"column":71}},{"start":{"line":28,"column":20},"end":{"line":28,"column":29}}]},"2":{"line":30,"type":"binary-expr","locations":[{"start":{"line":30,"column":23},"end":{"line":30,"column":37}},{"start":{"line":31,"column":20},"end":{"line":31,"column":61}},{"start":{"line":32,"column":20},"end":{"line":32,"column":70}},{"start":{"line":33,"column":20},"end":{"line":33,"column":26}}]},"3":{"line":37,"type":"cond-expr","locations":[{"start":{"line":38,"column":14},"end":{"line":38,"column":20}},{"start":{"line":39,"column":14},"end":{"line":39,"column":20}}]},"4":{"line":41,"type":"binary-expr","locations":[{"start":{"line":41,"column":16},"end":{"line":41,"column":44}},{"start":{"line":41,"column":48},"end":{"line":41,"column":53}}]},"5":{"line":45,"type":"if","locations":[{"start":{"line":45,"column":8},"end":{"line":45,"column":8}},{"start":{"line":45,"column":8},"end":{"line":45,"column":8}}]}},"code":["/* istanbul instrument in package npmtest_barbeque */","/*jslint","    bitwise: true,","    browser: true,","    maxerr: 8,","    maxlen: 96,","    node: true,","    nomen: true,","    regexp: true,","    stupid: true","*/","(function () {","    'use strict';","    var local;","","","","    // run shared js-env code - init-before","    (function () {","        // init local","        local = {};","        // init modeJs","        local.modeJs = (function () {","            try {","                return typeof navigator.userAgent === 'string' &&","                    typeof document.querySelector('body') === 'object' &&","                    typeof XMLHttpRequest.prototype.open === 'function' &&","                    'browser';","            } catch (errorCaughtBrowser) {","                return module.exports &&","                    typeof process.versions.node === 'string' &&","                    typeof require('http').createServer === 'function' &&","                    'node';","            }","        }());","        // init global","        local.global = local.modeJs === 'browser'","            ? window","            : global;","        // init utility2_rollup","        local = local.global.utility2_rollup || local;","        // init lib","        local.local = local.npmtest_barbeque = local;","        // init exports","        if (local.modeJs === 'browser') {","            local.global.utility2_npmtest_barbeque = local;","        } else {","            module.exports = local;","            module.exports.__dirname = __dirname;","            module.exports.module = module;","        }","    }());","}());",""],"l":{"12":2,"14":2,"19":2,"21":2,"23":2,"24":2,"25":2,"30":1,"37":2,"41":2,"43":2,"45":2,"46":1,"48":1,"49":1,"50":1}},"/home/travis/build/npmtest/node-npmtest-barbeque/example.js":{"path":"/home/travis/build/npmtest/node-npmtest-barbeque/example.js","s":{"1":2,"2":2,"3":2,"4":2,"5":2,"6":2,"7":2,"8":1,"9":2,"10":2,"11":2,"12":2,"13":1,"14":2,"15":2,"16":2,"17":2,"18":2,"19":0,"20":2,"21":1,"22":1,"23":1,"24":1,"25":1,"26":0,"27":0,"28":1,"29":1,"30":2,"31":0,"32":0,"33":0,"34":1,"35":2,"36":2,"37":3,"38":3,"39":3,"40":3,"41":0,"42":3,"43":3,"44":3,"45":1,"46":3,"47":1,"48":1,"49":1,"50":1,"51":1,"52":1,"53":1,"54":1,"55":1,"56":1,"57":0,"58":1,"59":6,"60":6,"61":1,"62":2,"63":0,"64":2,"65":1,"66":1,"67":0,"68":0,"69":0,"70":0,"71":0,"72":0,"73":0,"74":0,"75":0,"76":0,"77":0,"78":0,"79":0,"80":0,"81":0,"82":0,"83":0},"b":{"1":[2,1,1,1],"2":[1,1,1,1],"3":[1,1],"4":[2,2],"5":[1,1],"6":[1,1],"7":[2,0],"8":[2,1,1,1,1,1],"9":[0,2,0],"10":[1,1],"11":[2,1,1],"12":[1,0],"13":[0,2],"14":[2,0,0,0,0,0,0],"15":[0,3],"16":[3,0],"17":[1,1],"18":[0,1],"19":[1,2,0,2],"20":[1,0],"21":[1,1],"22":[0,0],"23":[0,0],"24":[0,0],"25":[0,0],"26":[0,0],"27":[0,0],"28":[0,0]},"f":{"1":2,"2":2,"3":2,"4":2,"5":2,"6":2,"7":3,"8":3,"9":3,"10":1,"11":6,"12":0},"fnMap":{"1":{"name":"(anonymous_1)","line":26,"loc":{"start":{"line":26,"column":1},"end":{"line":26,"column":13}}},"2":{"name":"(anonymous_2)","line":33,"loc":{"start":{"line":33,"column":5},"end":{"line":33,"column":17}}},"3":{"name":"(anonymous_3)","line":37,"loc":{"start":{"line":37,"column":24},"end":{"line":37,"column":36}}},"4":{"name":"(anonymous_4)","line":69,"loc":{"start":{"line":69,"column":31},"end":{"line":69,"column":48}},"skip":true},"5":{"name":"(anonymous_5)","line":78,"loc":{"start":{"line":78,"column":26},"end":{"line":78,"column":45}},"skip":true},"6":{"name":"(anonymous_6)","line":123,"loc":{"start":{"line":123,"column":33},"end":{"line":123,"column":48}},"skip":true},"7":{"name":"(anonymous_7)","line":125,"loc":{"start":{"line":125,"column":27},"end":{"line":125,"column":39}},"skip":true},"8":{"name":"(anonymous_8)","line":133,"loc":{"start":{"line":133,"column":59},"end":{"line":133,"column":74}},"skip":true},"9":{"name":"(anonymous_9)","line":143,"loc":{"start":{"line":143,"column":45},"end":{"line":143,"column":62}},"skip":true},"10":{"name":"(anonymous_10)","line":144,"loc":{"start":{"line":144,"column":73},"end":{"line":144,"column":92}},"skip":true},"11":{"name":"(anonymous_11)","line":272,"loc":{"start":{"line":272,"column":51},"end":{"line":272,"column":77}},"skip":true},"12":{"name":"(anonymous_12)","line":315,"loc":{"start":{"line":315,"column":32},"end":{"line":315,"column":61}},"skip":true}},"statementMap":{"1":{"start":{"line":26,"column":0},"end":{"line":326,"column":5}},"2":{"start":{"line":28,"column":4},"end":{"line":28,"column":14}},"3":{"start":{"line":33,"column":4},"end":{"line":60,"column":9}},"4":{"start":{"line":35,"column":8},"end":{"line":35,"column":19}},"5":{"start":{"line":37,"column":8},"end":{"line":49,"column":13}},"6":{"start":{"line":38,"column":12},"end":{"line":48,"column":13}},"7":{"start":{"line":39,"column":16},"end":{"line":42,"column":30}},"8":{"start":{"line":44,"column":16},"end":{"line":47,"column":27}},"9":{"start":{"line":51,"column":8},"end":{"line":53,"column":21}},"10":{"start":{"line":55,"column":8},"end":{"line":57,"column":45}},"11":{"start":{"line":59,"column":8},"end":{"line":59,"column":35}},"12":{"start":{"line":61,"column":4},"end":{"line":325,"column":5}},"13":{"start":{"line":69,"column":8},"end":{"line":121,"column":10},"skip":true},"14":{"start":{"line":70,"column":12},"end":{"line":88,"column":13},"skip":true},"15":{"start":{"line":76,"column":16},"end":{"line":87,"column":19},"skip":true},"16":{"start":{"line":79,"column":20},"end":{"line":86,"column":21},"skip":true},"17":{"start":{"line":82,"column":24},"end":{"line":82,"column":43},"skip":true},"18":{"start":{"line":83,"column":24},"end":{"line":83,"column":30},"skip":true},"19":{"start":{"line":85,"column":24},"end":{"line":85,"column":49},"skip":true},"20":{"start":{"line":89,"column":12},"end":{"line":107,"column":13},"skip":true},"21":{"start":{"line":92,"column":16},"end":{"line":102,"column":17},"skip":true},"22":{"start":{"line":93,"column":20},"end":{"line":93,"column":86},"skip":true},"23":{"start":{"line":94,"column":20},"end":{"line":95,"column":45},"skip":true},"24":{"start":{"line":96,"column":20},"end":{"line":96,"column":42},"skip":true},"25":{"start":{"line":97,"column":20},"end":{"line":97,"column":48},"skip":true},"26":{"start":{"line":100,"column":20},"end":{"line":100,"column":85},"skip":true},"27":{"start":{"line":101,"column":20},"end":{"line":101,"column":96},"skip":true},"28":{"start":{"line":103,"column":16},"end":{"line":103,"column":22},"skip":true},"29":{"start":{"line":106,"column":16},"end":{"line":106,"column":22},"skip":true},"30":{"start":{"line":108,"column":12},"end":{"line":120,"column":13},"skip":true},"31":{"start":{"line":114,"column":16},"end":{"line":119,"column":17},"skip":true},"32":{"start":{"line":116,"column":20},"end":{"line":116,"column":78},"skip":true},"33":{"start":{"line":118,"column":20},"end":{"line":118,"column":47},"skip":true},"34":{"start":{"line":123,"column":8},"end":{"line":141,"column":11},"skip":true},"35":{"start":{"line":124,"column":12},"end":{"line":124,"column":54},"skip":true},"36":{"start":{"line":125,"column":12},"end":{"line":140,"column":14},"skip":true},"37":{"start":{"line":126,"column":16},"end":{"line":126,"column":28},"skip":true},"38":{"start":{"line":127,"column":16},"end":{"line":127,"column":69},"skip":true},"39":{"start":{"line":128,"column":16},"end":{"line":128,"column":75},"skip":true},"40":{"start":{"line":129,"column":16},"end":{"line":131,"column":17},"skip":true},"41":{"start":{"line":130,"column":20},"end":{"line":130,"column":27},"skip":true},"42":{"start":{"line":133,"column":16},"end":{"line":137,"column":36},"skip":true},"43":{"start":{"line":134,"column":20},"end":{"line":136,"column":55},"skip":true},"44":{"start":{"line":139,"column":16},"end":{"line":139,"column":57},"skip":true},"45":{"start":{"line":143,"column":8},"end":{"line":147,"column":11},"skip":true},"46":{"start":{"line":144,"column":12},"end":{"line":146,"column":15},"skip":true},"47":{"start":{"line":145,"column":16},"end":{"line":145,"column":70},"skip":true},"48":{"start":{"line":149,"column":8},"end":{"line":149,"column":31},"skip":true},"49":{"start":{"line":150,"column":8},"end":{"line":150,"column":14},"skip":true},"50":{"start":{"line":158,"column":8},"end":{"line":158,"column":31},"skip":true},"51":{"start":{"line":160,"column":8},"end":{"line":160,"column":33},"skip":true},"52":{"start":{"line":161,"column":8},"end":{"line":161,"column":37},"skip":true},"53":{"start":{"line":162,"column":8},"end":{"line":162,"column":35},"skip":true},"54":{"start":{"line":164,"column":8},"end":{"line":164,"column":50},"skip":true},"55":{"start":{"line":166,"column":8},"end":{"line":256,"column":2},"skip":true},"56":{"start":{"line":258,"column":8},"end":{"line":286,"column":9},"skip":true},"57":{"start":{"line":259,"column":12},"end":{"line":269,"column":14},"skip":true},"58":{"start":{"line":271,"column":12},"end":{"line":285,"column":19},"skip":true},"59":{"start":{"line":274,"column":20},"end":{"line":274,"column":35},"skip":true},"60":{"start":{"line":275,"column":20},"end":{"line":284,"column":21},"skip":true},"61":{"start":{"line":277,"column":24},"end":{"line":277,"column":64},"skip":true},"62":{"start":{"line":279,"column":24},"end":{"line":279,"column":40},"skip":true},"63":{"start":{"line":281,"column":24},"end":{"line":281,"column":40},"skip":true},"64":{"start":{"line":283,"column":24},"end":{"line":283,"column":39},"skip":true},"65":{"start":{"line":288,"column":8},"end":{"line":290,"column":9},"skip":true},"66":{"start":{"line":289,"column":12},"end":{"line":289,"column":18},"skip":true},"67":{"start":{"line":291,"column":8},"end":{"line":293,"column":54},"skip":true},"68":{"start":{"line":296,"column":8},"end":{"line":301,"column":37},"skip":true},"69":{"start":{"line":303,"column":8},"end":{"line":303,"column":82},"skip":true},"70":{"start":{"line":306,"column":8},"end":{"line":308,"column":9},"skip":true},"71":{"start":{"line":307,"column":12},"end":{"line":307,"column":82},"skip":true},"72":{"start":{"line":310,"column":8},"end":{"line":312,"column":9},"skip":true},"73":{"start":{"line":311,"column":12},"end":{"line":311,"column":18},"skip":true},"74":{"start":{"line":313,"column":8},"end":{"line":313,"column":54},"skip":true},"75":{"start":{"line":314,"column":8},"end":{"line":314,"column":69},"skip":true},"76":{"start":{"line":315,"column":8},"end":{"line":323,"column":36},"skip":true},"77":{"start":{"line":316,"column":12},"end":{"line":316,"column":61},"skip":true},"78":{"start":{"line":317,"column":12},"end":{"line":320,"column":13},"skip":true},"79":{"start":{"line":318,"column":16},"end":{"line":318,"column":75},"skip":true},"80":{"start":{"line":319,"column":16},"end":{"line":319,"column":23},"skip":true},"81":{"start":{"line":321,"column":12},"end":{"line":321,"column":38},"skip":true},"82":{"start":{"line":322,"column":12},"end":{"line":322,"column":27},"skip":true},"83":{"start":{"line":324,"column":8},"end":{"line":324,"column":14},"skip":true}},"branchMap":{"1":{"line":39,"type":"binary-expr","locations":[{"start":{"line":39,"column":23},"end":{"line":39,"column":62}},{"start":{"line":40,"column":20},"end":{"line":40,"column":70}},{"start":{"line":41,"column":20},"end":{"line":41,"column":71}},{"start":{"line":42,"column":20},"end":{"line":42,"column":29}}]},"2":{"line":44,"type":"binary-expr","locations":[{"start":{"line":44,"column":23},"end":{"line":44,"column":37}},{"start":{"line":45,"column":20},"end":{"line":45,"column":61}},{"start":{"line":46,"column":20},"end":{"line":46,"column":70}},{"start":{"line":47,"column":20},"end":{"line":47,"column":26}}]},"3":{"line":51,"type":"cond-expr","locations":[{"start":{"line":52,"column":14},"end":{"line":52,"column":20}},{"start":{"line":53,"column":14},"end":{"line":53,"column":20}}]},"4":{"line":55,"type":"binary-expr","locations":[{"start":{"line":55,"column":16},"end":{"line":55,"column":44}},{"start":{"line":55,"column":49},"end":{"line":57,"column":43}}]},"5":{"line":55,"type":"cond-expr","locations":[{"start":{"line":56,"column":14},"end":{"line":56,"column":52}},{"start":{"line":57,"column":14},"end":{"line":57,"column":43}}]},"6":{"line":61,"type":"switch","locations":[{"start":{"line":68,"column":4},"end":{"line":150,"column":14},"skip":true},{"start":{"line":156,"column":4},"end":{"line":324,"column":14},"skip":true}]},"7":{"line":70,"type":"if","locations":[{"start":{"line":70,"column":12},"end":{"line":70,"column":12},"skip":true},{"start":{"line":70,"column":12},"end":{"line":70,"column":12},"skip":true}]},"8":{"line":70,"type":"binary-expr","locations":[{"start":{"line":70,"column":16},"end":{"line":70,"column":22},"skip":true},{"start":{"line":70,"column":27},"end":{"line":70,"column":32},"skip":true},{"start":{"line":71,"column":20},"end":{"line":71,"column":39},"skip":true},{"start":{"line":72,"column":20},"end":{"line":72,"column":49},"skip":true},{"start":{"line":73,"column":20},"end":{"line":73,"column":58},"skip":true},{"start":{"line":74,"column":20},"end":{"line":74,"column":69},"skip":true}]},"9":{"line":79,"type":"switch","locations":[{"start":{"line":80,"column":20},"end":{"line":80,"column":33},"skip":true},{"start":{"line":81,"column":20},"end":{"line":83,"column":30},"skip":true},{"start":{"line":84,"column":20},"end":{"line":85,"column":49},"skip":true}]},"10":{"line":89,"type":"switch","locations":[{"start":{"line":90,"column":12},"end":{"line":103,"column":22},"skip":true},{"start":{"line":105,"column":12},"end":{"line":106,"column":22},"skip":true}]},"11":{"line":89,"type":"binary-expr","locations":[{"start":{"line":89,"column":20},"end":{"line":89,"column":25},"skip":true},{"start":{"line":89,"column":29},"end":{"line":89,"column":48},"skip":true},{"start":{"line":89,"column":52},"end":{"line":89,"column":74},"skip":true}]},"12":{"line":92,"type":"if","locations":[{"start":{"line":92,"column":16},"end":{"line":92,"column":16},"skip":true},{"start":{"line":92,"column":16},"end":{"line":92,"column":16},"skip":true}]},"13":{"line":108,"type":"if","locations":[{"start":{"line":108,"column":12},"end":{"line":108,"column":12},"skip":true},{"start":{"line":108,"column":12},"end":{"line":108,"column":12},"skip":true}]},"14":{"line":108,"type":"binary-expr","locations":[{"start":{"line":108,"column":16},"end":{"line":108,"column":61},"skip":true},{"start":{"line":108,"column":66},"end":{"line":108,"column":72},"skip":true},{"start":{"line":108,"column":77},"end":{"line":108,"column":82},"skip":true},{"start":{"line":109,"column":20},"end":{"line":109,"column":39},"skip":true},{"start":{"line":110,"column":20},"end":{"line":110,"column":49},"skip":true},{"start":{"line":111,"column":20},"end":{"line":111,"column":58},"skip":true},{"start":{"line":112,"column":20},"end":{"line":112,"column":68},"skip":true}]},"15":{"line":129,"type":"if","locations":[{"start":{"line":129,"column":16},"end":{"line":129,"column":16},"skip":true},{"start":{"line":129,"column":16},"end":{"line":129,"column":16},"skip":true}]},"16":{"line":134,"type":"cond-expr","locations":[{"start":{"line":135,"column":26},"end":{"line":135,"column":29},"skip":true},{"start":{"line":136,"column":26},"end":{"line":136,"column":54},"skip":true}]},"17":{"line":164,"type":"binary-expr","locations":[{"start":{"line":164,"column":27},"end":{"line":164,"column":43},"skip":true},{"start":{"line":164,"column":47},"end":{"line":164,"column":49},"skip":true}]},"18":{"line":258,"type":"if","locations":[{"start":{"line":258,"column":8},"end":{"line":258,"column":8},"skip":true},{"start":{"line":258,"column":8},"end":{"line":258,"column":8},"skip":true}]},"19":{"line":275,"type":"switch","locations":[{"start":{"line":276,"column":20},"end":{"line":277,"column":64},"skip":true},{"start":{"line":278,"column":20},"end":{"line":279,"column":40},"skip":true},{"start":{"line":280,"column":20},"end":{"line":281,"column":40},"skip":true},{"start":{"line":282,"column":20},"end":{"line":283,"column":39},"skip":true}]},"20":{"line":288,"type":"if","locations":[{"start":{"line":288,"column":8},"end":{"line":288,"column":8},"skip":true},{"start":{"line":288,"column":8},"end":{"line":288,"column":8},"skip":true}]},"21":{"line":288,"type":"binary-expr","locations":[{"start":{"line":288,"column":12},"end":{"line":288,"column":40},"skip":true},{"start":{"line":288,"column":44},"end":{"line":288,"column":67},"skip":true}]},"22":{"line":292,"type":"binary-expr","locations":[{"start":{"line":292,"column":12},"end":{"line":292,"column":50},"skip":true},{"start":{"line":293,"column":12},"end":{"line":293,"column":53},"skip":true}]},"23":{"line":297,"type":"binary-expr","locations":[{"start":{"line":297,"column":12},"end":{"line":297,"column":66},"skip":true},{"start":{"line":298,"column":12},"end":{"line":301,"column":36},"skip":true}]},"24":{"line":303,"type":"binary-expr","locations":[{"start":{"line":303,"column":43},"end":{"line":303,"column":75},"skip":true},{"start":{"line":303,"column":79},"end":{"line":303,"column":81},"skip":true}]},"25":{"line":306,"type":"if","locations":[{"start":{"line":306,"column":8},"end":{"line":306,"column":8},"skip":true},{"start":{"line":306,"column":8},"end":{"line":306,"column":8},"skip":true}]},"26":{"line":310,"type":"if","locations":[{"start":{"line":310,"column":8},"end":{"line":310,"column":8},"skip":true},{"start":{"line":310,"column":8},"end":{"line":310,"column":8},"skip":true}]},"27":{"line":313,"type":"binary-expr","locations":[{"start":{"line":313,"column":27},"end":{"line":313,"column":43},"skip":true},{"start":{"line":313,"column":47},"end":{"line":313,"column":53},"skip":true}]},"28":{"line":317,"type":"if","locations":[{"start":{"line":317,"column":12},"end":{"line":317,"column":12},"skip":true},{"start":{"line":317,"column":12},"end":{"line":317,"column":12},"skip":true}]}},"code":["/*","example.js","","quickstart example","","instruction","    1. save this script as example.js","    2. run the shell command:","        $ npm install npmtest-barbeque && PORT=8081 node example.js","    3. play with the browser-demo on http://127.0.0.1:8081","*/","","","","/* istanbul instrument in package npmtest_barbeque */","/*jslint","    bitwise: true,","    browser: true,","    maxerr: 8,","    maxlen: 96,","    node: true,","    nomen: true,","    regexp: true,","    stupid: true","*/","(function () {","    'use strict';","    var local;","","","","    // run shared js-env code - init-before","    (function () {","        // init local","        local = {};","        // init modeJs","        local.modeJs = (function () {","            try {","                return typeof navigator.userAgent === 'string' &&","                    typeof document.querySelector('body') === 'object' &&","                    typeof XMLHttpRequest.prototype.open === 'function' &&","                    'browser';","            } catch (errorCaughtBrowser) {","                return module.exports &&","                    typeof process.versions.node === 'string' &&","                    typeof require('http').createServer === 'function' &&","                    'node';","            }","        }());","        // init global","        local.global = local.modeJs === 'browser'","            ? window","            : global;","        // init utility2_rollup","        local = local.global.utility2_rollup || (local.modeJs === 'browser'","            ? local.global.utility2_npmtest_barbeque","            : global.utility2_moduleExports);","        // export local","        local.global.local = local;","    }());","    switch (local.modeJs) {","","","","    // init-after","    // run browser js-env code - init-after","    /* istanbul ignore next */","    case 'browser':","        local.testRunBrowser = function (event) {","            if (!event || (event &&","                    event.currentTarget &&","                    event.currentTarget.className &&","                    event.currentTarget.className.includes &&","                    event.currentTarget.className.includes('onreset'))) {","                // reset output","                Array.from(","                    document.querySelectorAll('body > .resettable')","                ).forEach(function (element) {","                    switch (element.tagName) {","                    case 'INPUT':","                    case 'TEXTAREA':","                        element.value = '';","                        break;","                    default:","                        element.textContent = '';","                    }","                });","            }","            switch (event && event.currentTarget && event.currentTarget.id) {","            case 'testRunButton1':","                // show tests","                if (document.querySelector('#testReportDiv1').style.display === 'none') {","                    document.querySelector('#testReportDiv1').style.display = 'block';","                    document.querySelector('#testRunButton1').textContent =","                        'hide internal test';","                    local.modeTest = true;","                    local.testRunDefault(local);","                // hide tests","                } else {","                    document.querySelector('#testReportDiv1').style.display = 'none';","                    document.querySelector('#testRunButton1').textContent = 'run internal test';","                }","                break;","            // custom-case","            default:","                break;","            }","            if (document.querySelector('#inputTextareaEval1') && (!event || (event &&","                    event.currentTarget &&","                    event.currentTarget.className &&","                    event.currentTarget.className.includes &&","                    event.currentTarget.className.includes('oneval')))) {","                // try to eval input-code","                try {","                    /*jslint evil: true*/","                    eval(document.querySelector('#inputTextareaEval1').value);","                } catch (errorCaught) {","                    console.error(errorCaught);","                }","            }","        };","        // log stderr and stdout to #outputTextareaStdout1","        ['error', 'log'].forEach(function (key) {","            console[key + '_original'] = console[key];","            console[key] = function () {","                var element;","                console[key + '_original'].apply(console, arguments);","                element = document.querySelector('#outputTextareaStdout1');","                if (!element) {","                    return;","                }","                // append text to #outputTextareaStdout1","                element.value += Array.from(arguments).map(function (arg) {","                    return typeof arg === 'string'","                        ? arg","                        : JSON.stringify(arg, null, 4);","                }).join(' ') + '\\n';","                // scroll textarea to bottom","                element.scrollTop = element.scrollHeight;","            };","        });","        // init event-handling","        ['change', 'click', 'keyup'].forEach(function (event) {","            Array.from(document.querySelectorAll('.on' + event)).forEach(function (element) {","                element.addEventListener(event, local.testRunBrowser);","            });","        });","        // run tests","        local.testRunBrowser();","        break;","","","","    // run node js-env code - init-after","    /* istanbul ignore next */","    case 'node':","        // export local","        module.exports = local;","        // require modules","        local.fs = require('fs');","        local.http = require('http');","        local.url = require('url');","        // init assets","        local.assetsDict = local.assetsDict || {};","        /* jslint-ignore-begin */","        local.assetsDict['/assets.index.template.html'] = '\\","<!doctype html>\\n\\","<html lang=\"en\">\\n\\","<head>\\n\\","<meta charset=\"UTF-8\">\\n\\","<meta name=\"viewport\" content=\"width=device-width, initial-scale=1\">\\n\\","<title>{{env.npm_package_name}} (v{{env.npm_package_version}})</title>\\n\\","<style>\\n\\","/*csslint\\n\\","    box-sizing: false,\\n\\","    universal-selector: false\\n\\","*/\\n\\","* {\\n\\","    box-sizing: border-box;\\n\\","}\\n\\","body {\\n\\","    background: #dde;\\n\\","    font-family: Arial, Helvetica, sans-serif;\\n\\","    margin: 2rem;\\n\\","}\\n\\","body > * {\\n\\","    margin-bottom: 1rem;\\n\\","}\\n\\",".utility2FooterDiv {\\n\\","    margin-top: 20px;\\n\\","    text-align: center;\\n\\","}\\n\\","</style>\\n\\","<style>\\n\\","/*csslint\\n\\","*/\\n\\","textarea {\\n\\","    font-family: monospace;\\n\\","    height: 10rem;\\n\\","    width: 100%;\\n\\","}\\n\\","textarea[readonly] {\\n\\","    background: #ddd;\\n\\","}\\n\\","</style>\\n\\","</head>\\n\\","<body>\\n\\","<!-- utility2-comment\\n\\","<div id=\"ajaxProgressDiv1\" style=\"background: #d00; height: 2px; left: 0; margin: 0; padding: 0; position: fixed; top: 0; transition: background 0.5s, width 1.5s; width: 25%;\"></div>\\n\\","utility2-comment -->\\n\\","<h1>\\n\\","<!-- utility2-comment\\n\\","    <a\\n\\","        {{#if env.npm_package_homepage}}\\n\\","        href=\"{{env.npm_package_homepage}}\"\\n\\","        {{/if env.npm_package_homepage}}\\n\\","        target=\"_blank\"\\n\\","    >\\n\\","utility2-comment -->\\n\\","        {{env.npm_package_name}} (v{{env.npm_package_version}})\\n\\","<!-- utility2-comment\\n\\","    </a>\\n\\","utility2-comment -->\\n\\","</h1>\\n\\","<h3>{{env.npm_package_description}}</h3>\\n\\","<!-- utility2-comment\\n\\","<h4><a download href=\"assets.app.js\">download standalone app</a></h4>\\n\\","<button class=\"onclick onreset\" id=\"testRunButton1\">run internal test</button><br>\\n\\","<div id=\"testReportDiv1\" style=\"display: none;\"></div>\\n\\","utility2-comment -->\\n\\","\\n\\","\\n\\","\\n\\","<label>stderr and stdout</label>\\n\\","<textarea class=\"resettable\" id=\"outputTextareaStdout1\" readonly></textarea>\\n\\","<!-- utility2-comment\\n\\","{{#if isRollup}}\\n\\","<script src=\"assets.app.js\"></script>\\n\\","{{#unless isRollup}}\\n\\","utility2-comment -->\\n\\","<script src=\"assets.utility2.rollup.js\"></script>\\n\\","<script src=\"jsonp.utility2._stateInit?callback=window.utility2._stateInit\"></script>\\n\\","<script src=\"assets.npmtest_barbeque.rollup.js\"></script>\\n\\","<script src=\"assets.example.js\"></script>\\n\\","<script src=\"assets.test.js\"></script>\\n\\","<!-- utility2-comment\\n\\","{{/if isRollup}}\\n\\","utility2-comment -->\\n\\","<div class=\"utility2FooterDiv\">\\n\\","    [ this app was created with\\n\\","    <a href=\"https://github.com/kaizhu256/node-utility2\" target=\"_blank\">utility2</a>\\n\\","    ]\\n\\","</div>\\n\\","</body>\\n\\","</html>\\n\\","';","        /* jslint-ignore-end */","        if (local.templateRender) {","            local.assetsDict['/'] = local.templateRender(","                local.assetsDict['/assets.index.template.html'],","                {","                    env: local.objectSetDefault(local.env, {","                        npm_package_description: 'the greatest app in the world!',","                        npm_package_name: 'my-app',","                        npm_package_nameAlias: 'my_app',","                        npm_package_version: '0.0.1'","                    })","                }","            );","        } else {","            local.assetsDict['/'] = local.assetsDict['/assets.index.template.html']","                .replace((/\\{\\{env\\.(\\w+?)\\}\\}/g), function (match0, match1) {","                    // jslint-hack","                    String(match0);","                    switch (match1) {","                    case 'npm_package_description':","                        return 'the greatest app in the world!';","                    case 'npm_package_name':","                        return 'my-app';","                    case 'npm_package_nameAlias':","                        return 'my_app';","                    case 'npm_package_version':","                        return '0.0.1';","                    }","                });","        }","        // run the cli","        if (local.global.utility2_rollup || module !== require.main) {","            break;","        }","        local.assetsDict['/assets.example.js'] =","            local.assetsDict['/assets.example.js'] ||","            local.fs.readFileSync(__filename, 'utf8');","        // bug-workaround - long $npm_package_buildCustomOrg","        /* jslint-ignore-begin */","        local.assetsDict['/assets.npmtest_barbeque.rollup.js'] =","            local.assetsDict['/assets.npmtest_barbeque.rollup.js'] ||","            local.fs.readFileSync(","                local.npmtest_barbeque.__dirname + '/lib.npmtest_barbeque.js',","                'utf8'","            ).replace((/^#!/), '//');","        /* jslint-ignore-end */","        local.assetsDict['/favicon.ico'] = local.assetsDict['/favicon.ico'] || '';","        // if $npm_config_timeout_exit exists,","        // then exit this process after $npm_config_timeout_exit ms","        if (Number(process.env.npm_config_timeout_exit)) {","            setTimeout(process.exit, Number(process.env.npm_config_timeout_exit));","        }","        // start server","        if (local.global.utility2_serverHttp1) {","            break;","        }","        process.env.PORT = process.env.PORT || '8081';","        console.error('server starting on port ' + process.env.PORT);","        local.http.createServer(function (request, response) {","            request.urlParsed = local.url.parse(request.url);","            if (local.assetsDict[request.urlParsed.pathname] !== undefined) {","                response.end(local.assetsDict[request.urlParsed.pathname]);","                return;","            }","            response.statusCode = 404;","            response.end();","        }).listen(process.env.PORT);","        break;","    }","}());",""],"l":{"26":2,"28":2,"33":2,"35":2,"37":2,"38":2,"39":2,"44":1,"51":2,"55":2,"59":2,"61":2,"69":1,"70":2,"76":2,"79":2,"82":2,"83":2,"85":1,"89":2,"92":1,"93":1,"94":1,"96":1,"97":1,"100":1,"101":1,"103":1,"106":1,"108":2,"114":1,"116":1,"118":1,"123":1,"124":2,"125":2,"126":3,"127":3,"128":3,"129":3,"130":1,"133":3,"134":3,"139":3,"143":1,"144":3,"145":1,"149":1,"150":1,"158":1,"160":1,"161":1,"162":1,"164":1,"166":1,"258":1,"259":1,"271":1,"274":6,"275":6,"277":1,"279":2,"281":1,"283":2,"288":1,"289":1,"291":1,"296":1,"303":1,"306":1,"307":1,"310":1,"311":1,"313":1,"314":1,"315":1,"316":1,"317":1,"318":1,"319":1,"321":1,"322":1,"324":1}},"/home/travis/build/npmtest/node-npmtest-barbeque/node_modules/barbeque/index.js":{"path":"/home/travis/build/npmtest/node-npmtest-barbeque/node_modules/barbeque/index.js","s":{"1":1},"b":{},"f":{},"fnMap":{},"statementMap":{"1":{"start":{"line":7,"column":0},"end":{"line":7,"column":44}}},"branchMap":{},"code":["/*"," * index.js"," */","","'use strict';","","exports = module.exports = require('./lib');",""],"l":{"7":1}},"/home/travis/build/npmtest/node-npmtest-barbeque/node_modules/barbeque/lib/index.js":{"path":"/home/travis/build/npmtest/node-npmtest-barbeque/node_modules/barbeque/lib/index.js","s":{"1":1,"2":1,"3":1,"4":1,"5":0,"6":0,"7":0,"8":0,"9":0,"10":0,"11":0,"12":0,"13":0,"14":0,"15":0,"16":0,"17":0,"18":0,"19":0,"20":0,"21":0,"22":0,"23":0,"24":0,"25":0,"26":0,"27":0,"28":0,"29":1,"30":1,"31":0,"32":0,"33":0,"34":1,"35":0,"36":0,"37":1,"38":0,"39":0,"40":0,"41":0,"42":1,"43":0,"44":0,"45":0,"46":0,"47":1,"48":0,"49":0,"50":0,"51":0,"52":0,"53":0,"54":0,"55":0,"56":1,"57":0,"58":0,"59":0,"60":0,"61":0,"62":0,"63":0,"64":0,"65":0,"66":0,"67":0,"68":0,"69":0,"70":1,"71":0,"72":1,"73":0,"74":0,"75":0,"76":1,"77":0,"78":1,"79":0,"80":1,"81":0,"82":1,"83":0,"84":1},"b":{"1":[0,0],"2":[0,0],"3":[0,0,0],"4":[0,0,0],"5":[0,0,0,0],"6":[0,0,0,0],"7":[0,0,0],"8":[0,0],"9":[0,0],"10":[0,0],"11":[0,0],"12":[0,0],"13":[0,0],"14":[0,0],"15":[0,0],"16":[0,0],"17":[0,0],"18":[0,0],"19":[0,0],"20":[0,0],"21":[0,0],"22":[0,0],"23":[0,0],"24":[0,0],"25":[0,0]},"f":{"1":0,"2":0,"3":0,"4":0,"5":0,"6":0,"7":0,"8":0,"9":0,"10":0,"11":0,"12":0,"13":0,"14":0,"15":0},"fnMap":{"1":{"name":"Barbeque","line":15,"loc":{"start":{"line":15,"column":0},"end":{"line":15,"column":26}}},"2":{"name":"(anonymous_2)","line":43,"loc":{"start":{"line":43,"column":19},"end":{"line":43,"column":31}}},"3":{"name":"(anonymous_3)","line":48,"loc":{"start":{"line":48,"column":27},"end":{"line":48,"column":50}}},"4":{"name":"(anonymous_4)","line":55,"loc":{"start":{"line":55,"column":28},"end":{"line":55,"column":50}}},"5":{"name":"(anonymous_5)","line":61,"loc":{"start":{"line":61,"column":28},"end":{"line":61,"column":40}}},"6":{"name":"(anonymous_6)","line":71,"loc":{"start":{"line":71,"column":29},"end":{"line":71,"column":49}}},"7":{"name":"(anonymous_7)","line":80,"loc":{"start":{"line":80,"column":32},"end":{"line":80,"column":58}}},"8":{"name":"(anonymous_8)","line":87,"loc":{"start":{"line":87,"column":32},"end":{"line":87,"column":51}}},"9":{"name":"(anonymous_9)","line":101,"loc":{"start":{"line":101,"column":27},"end":{"line":101,"column":61}}},"10":{"name":"(anonymous_10)","line":128,"loc":{"start":{"line":128,"column":33},"end":{"line":128,"column":54}}},"11":{"name":"(anonymous_11)","line":132,"loc":{"start":{"line":132,"column":25},"end":{"line":132,"column":49}}},"12":{"name":"create","line":150,"loc":{"start":{"line":150,"column":2},"end":{"line":150,"column":20}}},"13":{"name":"log","line":154,"loc":{"start":{"line":154,"column":2},"end":{"line":154,"column":17}}},"14":{"name":"progress","line":158,"loc":{"start":{"line":158,"column":2},"end":{"line":158,"column":38}}},"15":{"name":"(anonymous_15)","line":164,"loc":{"start":{"line":164,"column":28},"end":{"line":164,"column":56}}}},"statementMap":{"1":{"start":{"line":7,"column":0},"end":{"line":9,"column":27}},"2":{"start":{"line":11,"column":0},"end":{"line":11,"column":26}},"3":{"start":{"line":13,"column":0},"end":{"line":13,"column":30}},"4":{"start":{"line":15,"column":0},"end":{"line":44,"column":1}},"5":{"start":{"line":16,"column":2},"end":{"line":17,"column":58}},"6":{"start":{"line":19,"column":2},"end":{"line":19,"column":45}},"7":{"start":{"line":19,"column":31},"end":{"line":19,"column":43}},"8":{"start":{"line":21,"column":2},"end":{"line":22,"column":67}},"9":{"start":{"line":23,"column":2},"end":{"line":24,"column":59}},"10":{"start":{"line":25,"column":2},"end":{"line":26,"column":76}},"11":{"start":{"line":27,"column":2},"end":{"line":28,"column":77}},"12":{"start":{"line":29,"column":2},"end":{"line":30,"column":69}},"13":{"start":{"line":32,"column":2},"end":{"line":32,"column":41}},"14":{"start":{"line":32,"column":27},"end":{"line":32,"column":39}},"15":{"start":{"line":33,"column":2},"end":{"line":33,"column":63}},"16":{"start":{"line":33,"column":32},"end":{"line":33,"column":61}},"17":{"start":{"line":34,"column":2},"end":{"line":34,"column":67}},"18":{"start":{"line":34,"column":36},"end":{"line":34,"column":65}},"19":{"start":{"line":35,"column":2},"end":{"line":35,"column":75}},"20":{"start":{"line":35,"column":36},"end":{"line":35,"column":73}},"21":{"start":{"line":36,"column":2},"end":{"line":36,"column":78}},"22":{"start":{"line":36,"column":37},"end":{"line":36,"column":76}},"23":{"start":{"line":37,"column":2},"end":{"line":37,"column":69}},"24":{"start":{"line":37,"column":34},"end":{"line":37,"column":67}},"25":{"start":{"line":39,"column":2},"end":{"line":39,"column":24}},"26":{"start":{"line":40,"column":2},"end":{"line":40,"column":78}},"27":{"start":{"line":41,"column":2},"end":{"line":41,"column":49}},"28":{"start":{"line":43,"column":2},"end":{"line":43,"column":35}},"29":{"start":{"line":46,"column":0},"end":{"line":46,"column":45}},"30":{"start":{"line":48,"column":0},"end":{"line":53,"column":2}},"31":{"start":{"line":49,"column":2},"end":{"line":49,"column":101}},"32":{"start":{"line":50,"column":2},"end":{"line":50,"column":88}},"33":{"start":{"line":52,"column":2},"end":{"line":52,"column":48}},"34":{"start":{"line":55,"column":0},"end":{"line":59,"column":2}},"35":{"start":{"line":56,"column":2},"end":{"line":56,"column":85}},"36":{"start":{"line":58,"column":2},"end":{"line":58,"column":51}},"37":{"start":{"line":61,"column":0},"end":{"line":69,"column":2}},"38":{"start":{"line":62,"column":2},"end":{"line":64,"column":3}},"39":{"start":{"line":63,"column":4},"end":{"line":63,"column":51}},"40":{"start":{"line":66,"column":2},"end":{"line":66,"column":24}},"41":{"start":{"line":68,"column":2},"end":{"line":68,"column":14}},"42":{"start":{"line":71,"column":0},"end":{"line":78,"column":2}},"43":{"start":{"line":72,"column":2},"end":{"line":72,"column":85}},"44":{"start":{"line":73,"column":2},"end":{"line":73,"column":55}},"45":{"start":{"line":75,"column":2},"end":{"line":75,"column":31}},"46":{"start":{"line":77,"column":2},"end":{"line":77,"column":14}},"47":{"start":{"line":80,"column":0},"end":{"line":98,"column":2}},"48":{"start":{"line":81,"column":2},"end":{"line":81,"column":81}},"49":{"start":{"line":83,"column":2},"end":{"line":85,"column":32}},"50":{"start":{"line":87,"column":2},"end":{"line":95,"column":5}},"51":{"start":{"line":88,"column":4},"end":{"line":89,"column":34}},"52":{"start":{"line":91,"column":4},"end":{"line":91,"column":87}},"53":{"start":{"line":92,"column":4},"end":{"line":92,"column":77}},"54":{"start":{"line":94,"column":4},"end":{"line":94,"column":46}},"55":{"start":{"line":97,"column":2},"end":{"line":97,"column":14}},"56":{"start":{"line":101,"column":0},"end":{"line":125,"column":2}},"57":{"start":{"line":102,"column":2},"end":{"line":106,"column":3}},"58":{"start":{"line":103,"column":4},"end":{"line":103,"column":16}},"59":{"start":{"line":104,"column":4},"end":{"line":104,"column":15}},"60":{"start":{"line":105,"column":4},"end":{"line":105,"column":19}},"61":{"start":{"line":108,"column":2},"end":{"line":109,"column":37}},"62":{"start":{"line":110,"column":2},"end":{"line":111,"column":45}},"63":{"start":{"line":113,"column":2},"end":{"line":124,"column":3}},"64":{"start":{"line":115,"column":4},"end":{"line":115,"column":42}},"65":{"start":{"line":116,"column":9},"end":{"line":124,"column":3}},"66":{"start":{"line":118,"column":4},"end":{"line":118,"column":33}},"67":{"start":{"line":119,"column":9},"end":{"line":124,"column":3}},"68":{"start":{"line":121,"column":4},"end":{"line":121,"column":21}},"69":{"start":{"line":123,"column":4},"end":{"line":123,"column":61}},"70":{"start":{"line":128,"column":0},"end":{"line":130,"column":2}},"71":{"start":{"line":129,"column":2},"end":{"line":129,"column":37}},"72":{"start":{"line":132,"column":0},"end":{"line":161,"column":2}},"73":{"start":{"line":133,"column":2},"end":{"line":133,"column":55}},"74":{"start":{"line":135,"column":2},"end":{"line":136,"column":31}},"75":{"start":{"line":138,"column":2},"end":{"line":148,"column":9}},"76":{"start":{"line":150,"column":2},"end":{"line":152,"column":3}},"77":{"start":{"line":151,"column":4},"end":{"line":151,"column":46}},"78":{"start":{"line":154,"column":2},"end":{"line":156,"column":3}},"79":{"start":{"line":155,"column":4},"end":{"line":155,"column":64}},"80":{"start":{"line":158,"column":2},"end":{"line":160,"column":3}},"81":{"start":{"line":159,"column":4},"end":{"line":159,"column":58}},"82":{"start":{"line":164,"column":0},"end":{"line":166,"column":2}},"83":{"start":{"line":165,"column":2},"end":{"line":165,"column":19}},"84":{"start":{"line":169,"column":0},"end":{"line":169,"column":36}}},"branchMap":{"1":{"line":16,"type":"binary-expr","locations":[{"start":{"line":16,"column":9},"end":{"line":16,"column":32}},{"start":{"line":16,"column":36},"end":{"line":16,"column":57}}]},"2":{"line":19,"type":"if","locations":[{"start":{"line":19,"column":2},"end":{"line":19,"column":2}},{"start":{"line":19,"column":2},"end":{"line":19,"column":2}}]},"3":{"line":21,"type":"binary-expr","locations":[{"start":{"line":21,"column":10},"end":{"line":21,"column":33}},{"start":{"line":21,"column":37},"end":{"line":21,"column":60}},{"start":{"line":21,"column":65},"end":{"line":21,"column":91}}]},"4":{"line":23,"type":"binary-expr","locations":[{"start":{"line":23,"column":10},"end":{"line":23,"column":33}},{"start":{"line":23,"column":38},"end":{"line":23,"column":79}},{"start":{"line":23,"column":85},"end":{"line":23,"column":111}}]},"5":{"line":25,"type":"binary-expr","locations":[{"start":{"line":25,"column":10},"end":{"line":25,"column":37}},{"start":{"line":25,"column":41},"end":{"line":25,"column":68}},{"start":{"line":25,"column":73},"end":{"line":25,"column":98}},{"start":{"line":25,"column":102},"end":{"line":25,"column":132}}]},"6":{"line":27,"type":"binary-expr","locations":[{"start":{"line":27,"column":10},"end":{"line":27,"column":38}},{"start":{"line":27,"column":42},"end":{"line":27,"column":70}},{"start":{"line":27,"column":75},"end":{"line":27,"column":101}},{"start":{"line":27,"column":105},"end":{"line":27,"column":136}}]},"7":{"line":29,"type":"binary-expr","locations":[{"start":{"line":29,"column":10},"end":{"line":29,"column":35}},{"start":{"line":29,"column":39},"end":{"line":29,"column":64}},{"start":{"line":29,"column":69},"end":{"line":29,"column":97}}]},"8":{"line":32,"type":"if","locations":[{"start":{"line":32,"column":2},"end":{"line":32,"column":2}},{"start":{"line":32,"column":2},"end":{"line":32,"column":2}}]},"9":{"line":33,"type":"if","locations":[{"start":{"line":33,"column":2},"end":{"line":33,"column":2}},{"start":{"line":33,"column":2},"end":{"line":33,"column":2}}]},"10":{"line":34,"type":"if","locations":[{"start":{"line":34,"column":2},"end":{"line":34,"column":2}},{"start":{"line":34,"column":2},"end":{"line":34,"column":2}}]},"11":{"line":35,"type":"if","locations":[{"start":{"line":35,"column":2},"end":{"line":35,"column":2}},{"start":{"line":35,"column":2},"end":{"line":35,"column":2}}]},"12":{"line":36,"type":"if","locations":[{"start":{"line":36,"column":2},"end":{"line":36,"column":2}},{"start":{"line":36,"column":2},"end":{"line":36,"column":2}}]},"13":{"line":37,"type":"if","locations":[{"start":{"line":37,"column":2},"end":{"line":37,"column":2}},{"start":{"line":37,"column":2},"end":{"line":37,"column":2}}]},"14":{"line":49,"type":"binary-expr","locations":[{"start":{"line":49,"column":9},"end":{"line":49,"column":28}},{"start":{"line":49,"column":32},"end":{"line":49,"column":54}}]},"15":{"line":50,"type":"binary-expr","locations":[{"start":{"line":50,"column":9},"end":{"line":50,"column":25}},{"start":{"line":50,"column":29},"end":{"line":50,"column":46}}]},"16":{"line":56,"type":"binary-expr","locations":[{"start":{"line":56,"column":9},"end":{"line":56,"column":25}},{"start":{"line":56,"column":29},"end":{"line":56,"column":45}}]},"17":{"line":62,"type":"if","locations":[{"start":{"line":62,"column":2},"end":{"line":62,"column":2}},{"start":{"line":62,"column":2},"end":{"line":62,"column":2}}]},"18":{"line":72,"type":"binary-expr","locations":[{"start":{"line":72,"column":9},"end":{"line":72,"column":25}},{"start":{"line":72,"column":29},"end":{"line":72,"column":45}}]},"19":{"line":91,"type":"binary-expr","locations":[{"start":{"line":91,"column":11},"end":{"line":91,"column":27}},{"start":{"line":91,"column":31},"end":{"line":91,"column":47}}]},"20":{"line":102,"type":"if","locations":[{"start":{"line":102,"column":2},"end":{"line":102,"column":2}},{"start":{"line":102,"column":2},"end":{"line":102,"column":2}}]},"21":{"line":102,"type":"binary-expr","locations":[{"start":{"line":102,"column":6},"end":{"line":102,"column":25}},{"start":{"line":102,"column":29},"end":{"line":102,"column":46}}]},"22":{"line":110,"type":"binary-expr","locations":[{"start":{"line":110,"column":9},"end":{"line":110,"column":33}},{"start":{"line":110,"column":37},"end":{"line":110,"column":63}}]},"23":{"line":113,"type":"if","locations":[{"start":{"line":113,"column":2},"end":{"line":113,"column":2}},{"start":{"line":113,"column":2},"end":{"line":113,"column":2}}]},"24":{"line":116,"type":"if","locations":[{"start":{"line":116,"column":9},"end":{"line":116,"column":9}},{"start":{"line":116,"column":9},"end":{"line":116,"column":9}}]},"25":{"line":119,"type":"if","locations":[{"start":{"line":119,"column":9},"end":{"line":119,"column":9}},{"start":{"line":119,"column":9},"end":{"line":119,"column":9}}]}},"code":["/*"," * lib/index.js"," */","","'use strict';","","var assert = require('assert'),","    events = require('events'),","    util = require('util');","","var _ = require('lodash');","","var C = require('./constant');","","function Barbeque(config) {","  assert(_.isPlainObject(config) || _.isUndefined(config),","         '\"config\" must be a plain object or undefined.');","","  if (_.isUndefined(config)) { config = {}; }","","  assert((_.isString(config.host) && !_.isEmpty(config.host)) || _.isUndefined(config.host),","         '\"config.host\" must be a non-empty string or undefined.');","  assert((_.isNumber(config.port) && (parseInt(config.port, 10) === config.port)) || _.isUndefined(config.port),","         '\"config.port\" must be an integer or undefined.');","  assert((_.isString(config.password) && !_.isEmpty(config.password)) || _.isNull(config.password) || _.isUndefined(config.password),","         '\"config.password\" must be a non-empty string or null/undefined.');","  assert((_.isString(config.namespace) && !_.isEmpty(config.namespace)) || _.isNull(config.namespace) || _.isUndefined(config.namespace),","         '\"config.namespace\" must be a non-empty string or null/undefined.');","  assert((_.isString(config.prefix) && !_.isEmpty(config.prefix)) || _.isUndefined(config.prefix),","         '\"config.prefix\" must be a non-empty string or undefined.');","","  if (_.isEmpty(config)) { config = {}; }","  if (_.isEmpty(config.host)) { config.host = C.DEFAULT_HOST; }","  if (_.isUndefined(config.port)) { config.port = C.DEFAULT_PORT; }","  if (_.isEmpty(config.password)) { config.password = C.DEFAULT_PASSWORD; }","  if (_.isEmpty(config.namespace)) { config.namespace = C.DEFAULT_NAMESPACE; }","  if (_.isEmpty(config.prefix)) { config.prefix = C.DEFAULT_PREFIX; }","","  this._config = config;","  this._builder = new (require('./builder'))(config.namespace, config.prefix);","  this._worker = new (require('./worker'))(this);","","  this.on('error', function () {});","}","","util.inherits(Barbeque, events.EventEmitter);","","Barbeque.prototype.admin = function (options, cb) {","  assert(_.isObject(options) || _.isUndefined(options), '\"options\" must be an object or undefined.');","  assert(_.isFunction(cb) || _.isUndefined(cb), '\"cb\" must be a function or undefined.')","","  return new (require('../admin'))(options, cb);","};","","Barbeque.prototype.create = function (type, data) {","  assert(_.isString(type) && !_.isEmpty(type), '\"type\" must be a non-empty string.');","","  return new (require('./task'))(this, type, data);","};","","Barbeque.prototype.listen = function () {","  if (!this._worker) {","    this._worker = new (require('./worker'))(this);","  }","","  this._worker.listen();","","  return this;","};","","Barbeque.prototype.process = function (type, fn) {","  assert(_.isString(type) && !_.isEmpty(type), '\"type\" must be a non-empty string.');","  assert(_.isFunction(fn), '\"fn\" must be a function.');","","  this._worker.watch(type, fn);","","  return this;","};","","Barbeque.prototype.processAll = function (nestableObject) {","  assert(_.isObject(nestableObject), '\"nestableObject\" must be an object type.');","","  var self = this,","      flattenObject = require('./helper').flattenDot(nestableObject),","      n = _.size(flattenObject);","","  _.each(_.keys(flattenObject), function (type, i) {","    var fn = flattenObject[type],","        skipProcess = (i + 1 < n);","","    assert(_.isString(type) && !_.isEmpty(type), '\"type\" must be a non-empty string.');","    assert(_.isFunction(fn), '\"fn\" must be a function (type: ' + type + ')');","","    self._worker.watch(type, fn, skipProcess);","  });","","  return this;","};","","// TODO","Barbeque.prototype.query = function (query, cb, queryDetail) {","  if (_.isFunction(query) && _.isUndefined(cb)) {","    detail = cb;","    cb = query;","    query = void 0;","  }","","  assert(_.isFunction(cb),","         '\"cb\" must be a function.');","  assert(_.isBoolean(queryDetail) || _.isUndefined(queryDetail),","         '\"queryDetail\" must be a boolean.');","","  if (_.isEmpty(query)) {","    // Find all","    cb(null, ['TASK1', 'TASK2', 'TASK3']);","  } else if (_.isArray(query)) {","    // Find many","    cb(null, ['TASK1', 'TASK2']);","  } else if (_.isString(query)) {","    // Find one","    cb(null, 'TASK');","  } else {","    cb(new Error('Invalid query: ' + JSON.stringify(query)));","  }","};","","// TODO","Barbeque.prototype.queryDetail = function (query, cb) {","  return this.query(query, cb, true);","};","","Barbeque.prototype.run = function (fn, data, cb) {","  assert(_.isFunction(fn), '\"fn\" must be a funciton.');","","  var self = this,","      currentTime = new Date();","","  fn({","    id: null,","    type: null,","    data: data,","    createdAt: currentTime,","    updatedAt: currentTime,","    // extra","    create: create,","    log: log,","    progress: progress","  }, cb);","","  function create() {","    return self.create.apply(self, arguments);","  }","","  function log() {","    console.info('[LOG] ' + util.format.apply(null, arguments));","  }","","  function progress(completed, total) {","    console.info('[PROGRESS] %s of %s', completed, total);","  }","};","","// TODO","Barbeque.prototype.update = function (taskId, task, cb) {","  cb(null, taskId);","};","","// Public API","exports = module.exports = Barbeque;",""],"l":{"7":1,"11":1,"13":1,"15":1,"16":0,"19":0,"21":0,"23":0,"25":0,"27":0,"29":0,"32":0,"33":0,"34":0,"35":0,"36":0,"37":0,"39":0,"40":0,"41":0,"43":0,"46":1,"48":1,"49":0,"50":0,"52":0,"55":1,"56":0,"58":0,"61":1,"62":0,"63":0,"66":0,"68":0,"71":1,"72":0,"73":0,"75":0,"77":0,"80":1,"81":0,"83":0,"87":0,"88":0,"91":0,"92":0,"94":0,"97":0,"101":1,"102":0,"103":0,"104":0,"105":0,"108":0,"110":0,"113":0,"115":0,"116":0,"118":0,"119":0,"121":0,"123":0,"128":1,"129":0,"132":1,"133":0,"135":0,"138":0,"150":1,"151":0,"154":1,"155":0,"158":1,"159":0,"164":1,"165":0,"169":1}},"/home/travis/build/npmtest/node-npmtest-barbeque/node_modules/barbeque/lib/constant.js":{"path":"/home/travis/build/npmtest/node-npmtest-barbeque/node_modules/barbeque/lib/constant.js","s":{"1":1,"2":1,"3":1,"4":1,"5":1,"6":1,"7":1,"8":1},"b":{},"f":{},"fnMap":{},"statementMap":{"1":{"start":{"line":7,"column":0},"end":{"line":7,"column":35}},"2":{"start":{"line":8,"column":0},"end":{"line":8,"column":28}},"3":{"start":{"line":9,"column":0},"end":{"line":9,"column":32}},"4":{"start":{"line":10,"column":0},"end":{"line":10,"column":33}},"5":{"start":{"line":11,"column":0},"end":{"line":11,"column":31}},"6":{"start":{"line":13,"column":0},"end":{"line":13,"column":34}},"7":{"start":{"line":15,"column":0},"end":{"line":21,"column":2}},"8":{"start":{"line":23,"column":0},"end":{"line":29,"column":2}}},"branchMap":{},"code":["/*"," * lib/constant.js"," */","","'use strict';","","exports.DEFAULT_HOST = 'localhost';","exports.DEFAULT_PORT = 6379;","exports.DEFAULT_PASSWORD = null;","exports.DEFAULT_NAMESPACE = null;","exports.DEFAULT_PREFIX = 'bbq';","","exports.DEFAULT_TASK_ATTEMPTS = 0;","","exports.PRIORITY = {","  LOW: 10,","  NORMAL: 0,","  MEDIUM: -5,","  HIGH: -10,","  CRITICAL: -15","};","","exports.STATE = {","  ACTIVE: 'active',","  PROCESSING: 'processing',","  COMPLETE: 'complete',","  FAILED: 'failed',","  INACTIVE: 'inactive'","};",""],"l":{"7":1,"8":1,"9":1,"10":1,"11":1,"13":1,"15":1,"23":1}},"/home/travis/build/npmtest/node-npmtest-barbeque/node_modules/barbeque/admin/app.js":{"path":"/home/travis/build/npmtest/node-npmtest-barbeque/node_modules/barbeque/admin/app.js","s":{"1":1,"2":1,"3":1,"4":1,"5":1,"6":0,"7":0,"8":0,"9":0,"10":0,"11":0,"12":0,"13":0,"14":0,"15":0,"16":0,"17":0,"18":0,"19":0,"20":0,"21":1,"22":0,"23":1,"24":0,"25":0,"26":0,"27":0,"28":0,"29":0,"30":0,"31":0,"32":0,"33":0,"34":0,"35":0,"36":0,"37":0,"38":0,"39":0,"40":0,"41":0,"42":1,"43":0,"44":0,"45":1,"46":0,"47":0,"48":0,"49":0,"50":0,"51":0,"52":0,"53":1,"54":0,"55":0,"56":0,"57":0,"58":0,"59":0,"60":0,"61":0,"62":0,"63":1,"64":0,"65":0,"66":1},"b":{"1":[0,0],"2":[0,0],"3":[0,0],"4":[0,0],"5":[0,0],"6":[0,0],"7":[0,0],"8":[0,0],"9":[0,0],"10":[0,0],"11":[0,0]},"f":{"1":0,"2":0,"3":0,"4":0,"5":0,"6":0,"7":0,"8":0,"9":0,"10":0,"11":0,"12":0,"13":0,"14":0,"15":0,"16":0},"fnMap":{"1":{"name":"App","line":23,"loc":{"start":{"line":23,"column":0},"end":{"line":23,"column":26}}},"2":{"name":"(anonymous_2)","line":36,"loc":{"start":{"line":36,"column":9},"end":{"line":36,"column":21}}},"3":{"name":"(anonymous_3)","line":57,"loc":{"start":{"line":57,"column":30},"end":{"line":57,"column":45}}},"4":{"name":"(anonymous_4)","line":63,"loc":{"start":{"line":63,"column":34},"end":{"line":63,"column":57}}},"5":{"name":"(anonymous_5)","line":90,"loc":{"start":{"line":90,"column":30},"end":{"line":90,"column":53}}},"6":{"name":"(anonymous_6)","line":91,"loc":{"start":{"line":91,"column":25},"end":{"line":91,"column":45}}},"7":{"name":"(anonymous_7)","line":96,"loc":{"start":{"line":96,"column":36},"end":{"line":96,"column":57}}},"8":{"name":"(anonymous_8)","line":101,"loc":{"start":{"line":101,"column":18},"end":{"line":101,"column":34}}},"9":{"name":"(anonymous_9)","line":103,"loc":{"start":{"line":103,"column":22},"end":{"line":103,"column":38}}},"10":{"name":"(anonymous_10)","line":105,"loc":{"start":{"line":105,"column":20},"end":{"line":105,"column":36}}},"11":{"name":"(anonymous_11)","line":107,"loc":{"start":{"line":107,"column":18},"end":{"line":107,"column":34}}},"12":{"name":"(anonymous_12)","line":109,"loc":{"start":{"line":109,"column":20},"end":{"line":109,"column":36}}},"13":{"name":"(anonymous_13)","line":114,"loc":{"start":{"line":114,"column":27},"end":{"line":114,"column":59}}},"14":{"name":"(anonymous_14)","line":124,"loc":{"start":{"line":124,"column":28},"end":{"line":124,"column":43}}},"15":{"name":"(anonymous_15)","line":130,"loc":{"start":{"line":130,"column":33},"end":{"line":130,"column":45}}},"16":{"name":"(anonymous_16)","line":131,"loc":{"start":{"line":131,"column":29},"end":{"line":131,"column":48}}}},"statementMap":{"1":{"start":{"line":7,"column":0},"end":{"line":9,"column":27}},"2":{"start":{"line":11,"column":0},"end":{"line":13,"column":25}},"3":{"start":{"line":15,"column":0},"end":{"line":15,"column":32}},"4":{"start":{"line":17,"column":0},"end":{"line":21,"column":39}},"5":{"start":{"line":23,"column":0},"end":{"line":55,"column":1}},"6":{"start":{"line":24,"column":2},"end":{"line":24,"column":47}},"7":{"start":{"line":24,"column":32},"end":{"line":24,"column":45}},"8":{"start":{"line":26,"column":2},"end":{"line":27,"column":50}},"9":{"start":{"line":28,"column":2},"end":{"line":29,"column":50}},"10":{"start":{"line":30,"column":2},"end":{"line":31,"column":50}},"11":{"start":{"line":32,"column":2},"end":{"line":33,"column":55}},"12":{"start":{"line":35,"column":2},"end":{"line":37,"column":3}},"13":{"start":{"line":36,"column":4},"end":{"line":36,"column":24}},"14":{"start":{"line":39,"column":2},"end":{"line":44,"column":5}},"15":{"start":{"line":47,"column":2},"end":{"line":47,"column":70}},"16":{"start":{"line":49,"column":2},"end":{"line":49,"column":19}},"17":{"start":{"line":50,"column":2},"end":{"line":50,"column":19}},"18":{"start":{"line":52,"column":2},"end":{"line":52,"column":26}},"19":{"start":{"line":53,"column":2},"end":{"line":53,"column":64}},"20":{"start":{"line":54,"column":2},"end":{"line":54,"column":46}},"21":{"start":{"line":57,"column":0},"end":{"line":61,"column":2}},"22":{"start":{"line":58,"column":2},"end":{"line":60,"column":5}},"23":{"start":{"line":63,"column":0},"end":{"line":88,"column":2}},"24":{"start":{"line":64,"column":2},"end":{"line":64,"column":41}},"25":{"start":{"line":65,"column":2},"end":{"line":65,"column":32}},"26":{"start":{"line":66,"column":2},"end":{"line":66,"column":29}},"27":{"start":{"line":67,"column":2},"end":{"line":67,"column":33}},"28":{"start":{"line":68,"column":2},"end":{"line":68,"column":26}},"29":{"start":{"line":69,"column":2},"end":{"line":69,"column":32}},"30":{"start":{"line":70,"column":2},"end":{"line":70,"column":36}},"31":{"start":{"line":71,"column":2},"end":{"line":71,"column":22}},"32":{"start":{"line":72,"column":2},"end":{"line":76,"column":6}},"33":{"start":{"line":77,"column":2},"end":{"line":77,"column":106}},"34":{"start":{"line":78,"column":2},"end":{"line":78,"column":64}},"35":{"start":{"line":79,"column":2},"end":{"line":79,"column":64}},"36":{"start":{"line":80,"column":2},"end":{"line":80,"column":87}},"37":{"start":{"line":81,"column":2},"end":{"line":81,"column":83}},"38":{"start":{"line":82,"column":2},"end":{"line":82,"column":83}},"39":{"start":{"line":83,"column":2},"end":{"line":83,"column":98}},"40":{"start":{"line":85,"column":2},"end":{"line":87,"column":3}},"41":{"start":{"line":86,"column":4},"end":{"line":86,"column":36}},"42":{"start":{"line":90,"column":0},"end":{"line":94,"column":2}},"43":{"start":{"line":91,"column":2},"end":{"line":93,"column":5}},"44":{"start":{"line":92,"column":4},"end":{"line":92,"column":24}},"45":{"start":{"line":96,"column":0},"end":{"line":112,"column":2}},"46":{"start":{"line":97,"column":2},"end":{"line":97,"column":18}},"47":{"start":{"line":99,"column":2},"end":{"line":111,"column":14}},"48":{"start":{"line":102,"column":4},"end":{"line":102,"column":39}},"49":{"start":{"line":104,"column":4},"end":{"line":104,"column":39}},"50":{"start":{"line":106,"column":4},"end":{"line":106,"column":39}},"51":{"start":{"line":108,"column":4},"end":{"line":108,"column":39}},"52":{"start":{"line":110,"column":4},"end":{"line":110,"column":39}},"53":{"start":{"line":114,"column":0},"end":{"line":128,"column":2}},"54":{"start":{"line":115,"column":2},"end":{"line":117,"column":49}},"55":{"start":{"line":119,"column":2},"end":{"line":119,"column":36}},"56":{"start":{"line":120,"column":2},"end":{"line":120,"column":32}},"57":{"start":{"line":121,"column":2},"end":{"line":121,"column":26}},"58":{"start":{"line":122,"column":2},"end":{"line":122,"column":57}},"59":{"start":{"line":124,"column":2},"end":{"line":127,"column":5}},"60":{"start":{"line":125,"column":4},"end":{"line":125,"column":32}},"61":{"start":{"line":125,"column":15},"end":{"line":125,"column":30}},"62":{"start":{"line":126,"column":4},"end":{"line":126,"column":80}},"63":{"start":{"line":130,"column":0},"end":{"line":134,"column":2}},"64":{"start":{"line":131,"column":2},"end":{"line":133,"column":5}},"65":{"start":{"line":132,"column":4},"end":{"line":132,"column":35}},"66":{"start":{"line":137,"column":0},"end":{"line":137,"column":31}}},"branchMap":{"1":{"line":24,"type":"if","locations":[{"start":{"line":24,"column":2},"end":{"line":24,"column":2}},{"start":{"line":24,"column":2},"end":{"line":24,"column":2}}]},"2":{"line":26,"type":"binary-expr","locations":[{"start":{"line":26,"column":9},"end":{"line":26,"column":33}},{"start":{"line":26,"column":37},"end":{"line":26,"column":64}}]},"3":{"line":28,"type":"binary-expr","locations":[{"start":{"line":28,"column":9},"end":{"line":28,"column":33}},{"start":{"line":28,"column":37},"end":{"line":28,"column":64}}]},"4":{"line":30,"type":"binary-expr","locations":[{"start":{"line":30,"column":9},"end":{"line":30,"column":33}},{"start":{"line":30,"column":37},"end":{"line":30,"column":64}}]},"5":{"line":32,"type":"binary-expr","locations":[{"start":{"line":32,"column":9},"end":{"line":32,"column":38}},{"start":{"line":32,"column":42},"end":{"line":32,"column":74}}]},"6":{"line":35,"type":"if","locations":[{"start":{"line":35,"column":2},"end":{"line":35,"column":2}},{"start":{"line":35,"column":2},"end":{"line":35,"column":2}}]},"7":{"line":35,"type":"binary-expr","locations":[{"start":{"line":35,"column":6},"end":{"line":35,"column":23}},{"start":{"line":35,"column":27},"end":{"line":35,"column":44}}]},"8":{"line":85,"type":"if","locations":[{"start":{"line":85,"column":2},"end":{"line":85,"column":2}},{"start":{"line":85,"column":2},"end":{"line":85,"column":2}}]},"9":{"line":91,"type":"binary-expr","locations":[{"start":{"line":91,"column":10},"end":{"line":91,"column":16}},{"start":{"line":91,"column":20},"end":{"line":91,"co
[...]
{"line":177,"column":2}},{"start":{"line":177,"column":2},"end":{"line":177,"column":2}}]},"23":{"line":179,"type":"if","locations":[{"start":{"line":179,"column":2},"end":{"line":179,"column":2}},{"start":{"line":179,"column":2},"end":{"line":179,"column":2}}]},"24":{"line":207,"type":"if","locations":[{"start":{"line":207,"column":6},"end":{"line":207,"column":6}},{"start":{"line":207,"column":6},"end":{"line":207,"column":6}}]},"25":{"line":208,"type":"if","locations":[{"start":{"line":208,"column":8},"end":{"line":208,"column":8}},{"start":{"line":208,"column":8},"end":{"line":208,"column":8}}]},"26":{"line":265,"type":"if","locations":[{"start":{"line":265,"column":2},"end":{"line":265,"column":2}},{"start":{"line":265,"column":2},"end":{"line":265,"column":2}}]},"27":{"line":291,"type":"if","locations":[{"start":{"line":291,"column":10},"end":{"line":291,"column":10}},{"start":{"line":291,"column":10},"end":{"line":291,"column":10}}]},"28":{"line":292,"type":"if","locations":[{"start":{"line":292,"column":10},"end":{"line":292,"column":10}},{"start":{"line":292,"column":10},"end":{"line":292,"column":10}}]},"29":{"line":292,"type":"binary-expr","locations":[{"start":{"line":292,"column":14},"end":{"line":292,"column":31}},{"start":{"line":292,"column":35},"end":{"line":292,"column":55}}]},"30":{"line":307,"type":"if","locations":[{"start":{"line":307,"column":8},"end":{"line":307,"column":8}},{"start":{"line":307,"column":8},"end":{"line":307,"column":8}}]},"31":{"line":334,"type":"if","locations":[{"start":{"line":334,"column":10},"end":{"line":334,"column":10}},{"start":{"line":334,"column":10},"end":{"line":334,"column":10}}]},"32":{"line":335,"type":"if","locations":[{"start":{"line":335,"column":10},"end":{"line":335,"column":10}},{"start":{"line":335,"column":10},"end":{"line":335,"column":10}}]},"33":{"line":353,"type":"if","locations":[{"start":{"line":353,"column":4},"end":{"line":353,"column":4}},{"start":{"line":353,"column":4},"end":{"line":353,"column":4}}]},"34":{"line":378,"type":"if","locations":[{"start":{"line":378,"column":8},"end":{"line":378,"column":8}},{"start":{"line":378,"column":8},"end":{"line":378,"column":8}}]},"35":{"line":409,"type":"if","locations":[{"start":{"line":409,"column":10},"end":{"line":409,"column":10}},{"start":{"line":409,"column":10},"end":{"line":409,"column":10}}]},"36":{"line":410,"type":"if","locations":[{"start":{"line":410,"column":10},"end":{"line":410,"column":10}},{"start":{"line":410,"column":10},"end":{"line":410,"column":10}}]},"37":{"line":422,"type":"if","locations":[{"start":{"line":422,"column":4},"end":{"line":422,"column":4}},{"start":{"line":422,"column":4},"end":{"line":422,"column":4}}]},"38":{"line":443,"type":"if","locations":[{"start":{"line":443,"column":8},"end":{"line":443,"column":8}},{"start":{"line":443,"column":8},"end":{"line":443,"column":8}}]},"39":{"line":477,"type":"if","locations":[{"start":{"line":477,"column":10},"end":{"line":477,"column":10}},{"start":{"line":477,"column":10},"end":{"line":477,"column":10}}]},"40":{"line":478,"type":"if","locations":[{"start":{"line":478,"column":10},"end":{"line":478,"column":10}},{"start":{"line":478,"column":10},"end":{"line":478,"column":10}}]},"41":{"line":490,"type":"if","locations":[{"start":{"line":490,"column":4},"end":{"line":490,"column":4}},{"start":{"line":490,"column":4},"end":{"line":490,"column":4}}]},"42":{"line":517,"type":"if","locations":[{"start":{"line":517,"column":4},"end":{"line":517,"column":4}},{"start":{"line":517,"column":4},"end":{"line":517,"column":4}}]},"43":{"line":518,"type":"if","locations":[{"start":{"line":518,"column":4},"end":{"line":518,"column":4}},{"start":{"line":518,"column":4},"end":{"line":518,"column":4}}]}},"code":["/*"," * lib/worker.js"," */","","'use strict';","","var assert = require('assert'),","    util = require('util');","","var _ = require('lodash'),","    async = require('async'),","    redis = require('redis');","","var C = require('./constant'),","    helper = require('./helper');","","function Worker(bbq) {","  this._bbq = bbq;","  this._clientPub = null;","  this._clientSub = null;","  this._id = helper.genId();","  this._isListener = false;","  this._processing = false;","  this._watchlist = {};","  this._onConnectPubListeners = [];","  this._onConnectSubListeners = [];","}","","Worker.prototype._connectPub = function (cb) {","  var self = this,","      builder = self._bbq._builder,","      config = self._bbq._config,","      client;","","  if (!self._clientPub && config.client) {","    self._clientPub = config.client;","  }","","  if (self._clientPub) {","    client = self._clientPub;","    if (!client.connected) {","      return self._onConnectPubListeners.push(cb);","    }","    return cb(null, client);","  }","","  client = self._clientPub = redis.createClient(config.port, config.host);","","  if (config.password) {","    client.auth(config.password, function (err) {","      if (err) {","        client.end();","        return cb(err);","      }","    });","  }","","  if (_.isFunction(cb)) {","    self._onConnectPubListeners.push(cb);","  }","","  client.once('connect', function () {","    client.CLIENT('SETNAME', builder.workerName(self._id), function () {","      self._onConnectPubListeners.forEach(function (cb) {","        cb(null, client);","      });","      self._onConnectPubListeners.length = 0;","    });","  });","};","","Worker.prototype._connectSub = function (cb) {","  var self = this,","      builder = self._bbq._builder,","      config = self._bbq._config,","      client;","","  if (self._clientSub) {","    client = self._clientSub;","    if (!client.connected) {","      return self._onConnectSubListeners.push(cb);","    }","    return cb(null, client);","  }","","  client = self._clientSub = redis.createClient(config.port, config.host);","","  if (config.password) {","    client.auth(config.password, function (err) {","      if (err) {","        client.end();","        return cb(err);","      }","    });","  }","","  if (_.isFunction(cb)) {","    self._onConnectSubListeners.push(cb);","  }","","  client.on('message', function () {","    self._onMessage.apply(self, arguments);","  });","","  client.once('connect', function () {","    client.CLIENT('SETNAME', builder.workerSubName(self._id), function () {","      self._onConnectSubListeners.forEach(function (cb) {","        cb(null, client);","      });","      self._onConnectSubListeners.length = 0;","    });","","    client.SUBSCRIBE(builder.stateChangeChannel(), function (err) {","      if (err) { return cb(err); }","    });","  });","};","","Worker.prototype._disconnectPub = function (cb) {","  if (!this._clientPub && !this._clientPub.connected) {","    return cb();","  }","","  if (!this._bbq._config.client) {","    this._clientPub.quit();","  }","","  cb();","};","","Worker.prototype._disconnectSub = function (cb) {","  if (!this._clientSub && !this._clientSub.connected) {","    return cb();","  }","","  this._clientSub.quit();","","  cb();","};","","Worker.prototype._fetchTask = function (client, taskId, cb) {","  var self = this,","      task;","","  client.HGETALL(self._bbq._builder.taskKey(taskId), function (err, result) {","    if (err) { return cb(err); }","","    task = result;","    task.id = taskId;","    task.data = JSON.parse(task.data);","    task.attempts = parseInt(task.attempts, 10);","    task.priority = parseInt(task.priority, 10);","    task.progress = parseFloat(task.progress);","    task.createdAt = parseInt(task.createdAt, 10);","    task.updatedAt = parseInt(task.updatedAt, 10);","","    cb(null, task);","  });","};","","Worker.prototype._onMessage = function (channel, message) {","  var self = this,","      builder = self._bbq._builder;","","  if (channel === builder.stateChangeChannel()) {","    self._onStateChange(JSON.parse(message));","  }","};","","Worker.prototype._onStateChange = function (task) {","  var self = this;","","  if (this._isListener) {","    return self._bbq.emit(task.state, task);","  }","","  if (!_.has(self._watchlist, task.type)) { return; }","","  if (task.state === C.STATE.ACTIVE) {","    self._bbq.emit('active', task);","    self._stateChangeActiveToProcessing();","  }","};","","Worker.prototype._process = function (task, score, cb) {","  var self = this,","      fn = self._watchlist[task.type],","      startTime = Date.now();","","  try {","    fn({","      id: task.id,","      type: task.type,","      data: task.data,","      attempts: task.attempts,","      priority: task.priority,","      createdAt: new Date(task.createdAt),","      updatedAt: new Date(task.updatedAt),","      worker: task.worker,","      // extra","      create: create,","      log: log,","      progress: progress","    }, function (err, result) {","      var duration = Date.now() - startTime;","","      if (err) {","        if (!(err instanceof Error)) {","          try {","            throw new Error('err must be an instance of Error.');","          } catch (err) {","            self._bbq.emit('error', err);","          }","        } else {","          self._bbq.emit('error', err);","        }","","        // TODO: Support attempts feature.","","        self._stateChangeProcessingToFailed(task, score, duration, err.message, result);","      } else {","        self._stateChangeProcessingToComplete(task, score, duration, result);","      }","","      cb();","    });","  } catch (err) {","    self._bbq.emit('error', err);","","    var duration = Date.now() - startTime;","    self._stateChangeProcessingToFailed(task, score, duration, err.message);","","    cb();","  }","","  function create() {","    return self._bbq.create.apply(self._bbq, arguments);","  }","","  function log() {","    var msg = util.format.apply(null, arguments);","","    // TODO: Update DB","","    self._bbq.emit('log', task, msg);","  }","","  function progress(completed, total) {","    var percent = completed / total * 100;","","    // TODO: Update DB","","    self._bbq.emit('progress', task, percent);","  }","};","","Worker.prototype._stateChangeActiveToProcessing = function () {","  var self = this,","      builder = self._bbq._builder,","      client,","      task,","      taskId,","      taskScore;","","  if (self._processing) { return; }","","  self._processing = true;","","  async.series([","    function (cb) {","      self._connectPub(function (err, result) {","        client = result;","        cb.apply(this, arguments);","      });","    },","    function (cb) {","      var tempKey = builder.tempKey();","      var zunionstoreArgs = [","        tempKey,","        _.size(self._watchlist)","      ];","      _.each(self._watchlist, function (fn, type) {","        zunionstoreArgs.push(builder.stateActiveKey(type));","      });","      client","        .MULTI()","        .ZUNIONSTORE(zunionstoreArgs)","        .ZRANGE(tempKey, 0, 0, 'WITHSCORES')","        .DEL(tempKey)","        .EXEC(function (err, result) {","          if (err) { return cb(err); }","          if (_.isEmpty(result) || _.isEmpty(result[1])) {","            // Active task not found. STOP.","            self._processing = false;","            return;","          }","          taskId = result[1][0];","          taskScore = result[1][1];","          cb();","        });","    },","    function (cb) {","      client.WATCH(builder.taskKey(taskId), cb);","    },","    function (cb) {","      self._fetchTask(client, taskId, function (err, result) {","        if (err) { return cb(err); }","        task = result;","        cb();","      });","    },","    function (cb) {","      _.assign(task, {","        state: C.STATE.PROCESSING,","        updatedAt: Date.now(),","        worker: self._id","      });","","      client","        .MULTI()","        .ZREM(builder.stateActiveKey(task.type), taskId)","        .ZADD(builder.stateProcessingKey(task.type), taskScore, taskId)","        .HMSET([","          builder.taskKey(taskId),","          'state', task.state,","          'updatedAt', task.updatedAt,","          'worker', task.worker","        ])","        .PUBLISH([","          builder.stateChangeChannel(),","          JSON.stringify(_.pick(task, 'id', 'type', 'state', 'createdAt', 'updatedAt', 'worker'))","        ])","        .EXEC(function (err, result) {","          if (err) { return cb(err); }","          if (_.isEmpty(result)) {","            // Task state could not change from \"active\" to \"processing.","            // Try again. The next time a different task id will be chosen if exists.","            self._processing = false;","            return self._stateChangeActiveToProcessing();","          }","          cb();","        });","    },","    function (cb) {","      self._bbq.emit('processing', task);","      cb();","    },","    function (cb) {","      self._process(task, taskScore, cb);","    }","  ], function (err) {","    self._processing = false;","    if (err) {","      return console.error(err.message);","    } else {","      self._stateChangeActiveToProcessing();","    }","  });","};","","Worker.prototype._stateChangeProcessingToComplete = function (task, score, duration, result) {","  var self = this,","      builder = self._bbq._builder,","      client;","","  async.series([","    function (cb) {","      self._connectPub(function (err, result) {","        client = result;","        cb.apply(this, arguments);","      });","    },","    function (cb) {","      client.WATCH(builder.taskKey(task.id), cb);","    },","    function (cb) {","      self._fetchTask(client, task.id, function (err, fetchedTask) {","        if (err) { return cb(err); }","        task = fetchedTask;","        cb();","      });","    },","    function (cb) {","      _.assign(task, {","        state: C.STATE.COMPLETE,","        updatedAt: Date.now(),","        worker: self._id,","        duration: duration,","        result: result","      });","","      client","        .MULTI()","        .ZREM(builder.stateProcessingKey(task.type), task.id)","        .ZADD(builder.stateCompleteKey(task.type), score, task.id)","        .HMSET([","          builder.taskKey(task.id),","          'state', task.state,","          'updatedAt', task.updatedAt,","          'worker', task.worker,","          'duration', task.duration,","          'result', JSON.stringify(task.result)","        ])","        .PUBLISH([","          builder.stateChangeChannel(),","          JSON.stringify(_.pick(task, 'id', 'type', 'state', 'createdAt', 'updatedAt', 'worker', 'duration', 'result'))","        ])","        .EXEC(function (err, result) {","          if (err) { return cb(err); }","          if (_.isEmpty(result)) {","            // Task state could not change from \"processing\" to \"complete\". Try again.","            // return self._stateChangeProcessingToComplete(task, score, duration, result);","          }","          cb();","        });","    },","    function (cb) {","      self._bbq.emit('complete', task);","      cb();","    }","  ], function (err) {","    if (err) { return console.error(err.message); }","  });","};","","Worker.prototype._stateChangeProcessingToFailed = function (task, score, duration, errMsg, errResult) {","  var self = this,","      builder = self._bbq._builder,","      client;","","  async.series([","    function (cb) {","      self._connectPub(function (err, result) {","        client = result;","        cb.apply(this, arguments);","      });","    },","    function (cb) {","      client.WATCH(builder.taskKey(task.id), cb);","    },","    function (cb) {","      self._fetchTask(client, task.id, function (err, fetchedTask) {","        if (err) { return cb(err); }","        task = fetchedTask;","        cb();","      });","    },","    function (cb) {","      _.assign(task, {","        state: C.STATE.FAILED,","        updatedAt: Date.now(),","        worker: self._id,","        duration: duration,","        result: {","          error: errMsg,","          result: errResult","        }","      });","","      client","        .MULTI()","        .ZREM(builder.stateProcessingKey(task.type), task.id)","        .ZADD(builder.stateFailedKey(task.type), score, task.id)","        .HMSET([","          builder.taskKey(task.id),","          'state', task.state,","          'updatedAt', task.updatedAt,","          'worker', task.worker,","          'duration', task.duration,","          'result', JSON.stringify(task.result)","        ])","        .PUBLISH([","          builder.stateChangeChannel(),","          JSON.stringify(_.pick(task, 'id', 'type', 'state', 'createdAt', 'updatedAt', 'worker', 'duration', 'result'))","        ])","        .EXEC(function (err, result) {","          if (err) { return cb(err); }","          if (_.isEmpty(result)) {","            // Task state could not change from \"processing\" to \"failed\". Try again.","            // return self._stateChangeProcessingToFailed(task, score, duration, errMsg, errResult);","          }","          cb();","        });","    },","    function (cb) {","      self._bbq.emit('failed', task);","      cb();","    }","  ], function (err) {","    if (err) { return console.error(err.message); }","  });","};","","Worker.prototype.listen = function () {","  var self = this;","","  this._isListener = true;","","  self._connectSub();","};","","Worker.prototype.watch = function (type, fn, skipProcess) {","  assert(!_.has(this._watchlist, type), 'Already watching - ' + type);","","  var self = this;","","  self._watchlist[type] = fn;","","  async.parallel([","    function (cb) {","      self._connectPub(cb);","    },","    function (cb) {","      self._connectSub(cb);","    }","  ], function (err) {","    if (err) { return console.error(err.message); }","    if (!skipProcess) {","      self._stateChangeActiveToProcessing();","    }","  });","};","","// Public API","exports = module.exports = Worker;",""],"l":{"7":1,"10":1,"14":1,"17":1,"18":0,"19":0,"20":0,"21":0,"22":0,"23":0,"24":0,"25":0,"26":0,"29":1,"30":0,"35":0,"36":0,"39":0,"40":0,"41":0,"42":0,"44":0,"47":0,"49":0,"50":0,"51":0,"52":0,"53":0,"58":0,"59":0,"62":0,"63":0,"64":0,"65":0,"67":0,"72":1,"73":0,"78":0,"79":0,"80":0,"81":0,"83":0,"86":0,"88":0,"89":0,"90":0,"91":0,"92":0,"97":0,"98":0,"101":0,"102":0,"105":0,"106":0,"107":0,"108":0,"110":0,"113":0,"114":0,"119":1,"120":0,"121":0,"124":0,"125":0,"128":0,"131":1,"132":0,"133":0,"136":0,"138":0,"141":1,"142":0,"145":0,"146":0,"148":0,"149":0,"150":0,"151":0,"152":0,"153":0,"154":0,"155":0,"157":0,"161":1,"162":0,"165":0,"166":0,"170":1,"171":0,"173":0,"174":0,"177":0,"179":0,"180":0,"181":0,"185":1,"186":0,"190":0,"191":0,"205":0,"207":0,"208":0,"209":0,"210":0,"212":0,"215":0,"220":0,"222":0,"225":0,"228":0,"230":0,"231":0,"233":0,"236":1,"237":0,"240":1,"241":0,"245":0,"248":1,"249":0,"253":0,"257":1,"258":0,"265":0,"267":0,"269":0,"271":0,"272":0,"273":0,"277":0,"278":0,"282":0,"283":0,"285":0,"291":0,"292":0,"294":0,"295":0,"297":0,"298":0,"299":0,"303":0,"306":0,"307":0,"308":0,"309":0,"313":0,"319":0,"334":0,"335":0,"338":0,"339":0,"341":0,"345":0,"346":0,"349":0,"352":0,"353":0,"354":0,"356":0,"361":1,"362":0,"366":0,"368":0,"369":0,"370":0,"374":0,"377":0,"378":0,"379":0,"380":0,"384":0,"392":0,"409":0,"410":0,"414":0,"418":0,"419":0,"422":0,"426":1,"427":0,"431":0,"433":0,"434":0,"435":0,"439":0,"442":0,"443":0,"444":0,"445":0,"449":0,"460":0,"477":0,"478":0,"482":0,"486":0,"487":0,"490":0,"494":1,"495":0,"497":0,"499":0,"502":1,"503":0,"505":0,"507":0,"509":0,"511":0,"514":0,"517":0,"518":0,"519":0,"525":1}},"/home/travis/build/npmtest/node-npmtest-barbeque/node_modules/barbeque/admin/index.js":{"path":"/home/travis/build/npmtest/node-npmtest-barbeque/node_modules/barbeque/admin/index.js","s":{"1":1},"b":{},"f":{},"fnMap":{},"statementMap":{"1":{"start":{"line":8,"column":0},"end":{"line":8,"column":44}}},"branchMap":{},"code":["/*"," * admin/index.js"," */","","'use strict';","","// Public API","exports = module.exports = require('./app');",""],"l":{"8":1}}}